# JRE version: OpenJDK Runtime Environment (14.0.1+7) (build 14.0.1+7-Ubuntu-1ubuntu1)
# Java VM: OpenJDK 64-Bit Server VM (14.0.1+7-Ubuntu-1ubuntu1, mixed mode, sharing, tiered, compressed oops, parallel gc, linux-amd64)
Heap:
 PSYoungGen      total 27136K, used 9153K [0x00000000eab00000, 0x00000000ecb80000, 0x0000000100000000)
  eden space 23040K, 22% used [0x00000000eab00000,0x00000000eaff7f18,0x00000000ec180000)
  from space 4096K, 99% used [0x00000000ec580000,0x00000000ec9784f0,0x00000000ec980000)
  to   space 2048K, 0% used [0x00000000ec980000,0x00000000ec980000,0x00000000ecb80000)
 ParOldGen       total 68608K, used 16375K [0x00000000c0000000, 0x00000000c4300000, 0x00000000eab00000)
  object space 68608K, 23% used [0x00000000c0000000,0x00000000c0ffdfe8,0x00000000c4300000)
 Metaspace       used 40267K, capacity 42463K, committed 42840K, reserved 1087488K
  class space    used 4369K, capacity 5176K, committed 5248K, reserved 1048576K
GC Heap History (20 events):
Event: 3.074 GC heap before
{Heap before GC invocations=2 (full 0):
 PSYoungGen      total 29696K, used 29686K [0x00000000eab00000, 0x00000000ecc00000, 0x0000000100000000)
  eden space 25600K, 100% used [0x00000000eab00000,0x00000000ec400000,0x00000000ec400000)
  from space 4096K, 99% used [0x00000000ec400000,0x00000000ec7fdbb8,0x00000000ec800000)
  to   space 4096K, 0% used [0x00000000ec800000,0x00000000ec800000,0x00000000ecc00000)
 ParOldGen       total 68608K, used 312K [0x00000000c0000000, 0x00000000c4300000, 0x00000000eab00000)
  object space 68608K, 0% used [0x00000000c0000000,0x00000000c004e000,0x00000000c4300000)
 Metaspace       used 18039K, capacity 19001K, committed 19456K, reserved 1067008K
  class space    used 1660K, capacity 2012K, committed 2048K, reserved 1048576K
}
Event: 3.088 GC heap after
{Heap after GC invocations=2 (full 0):
 PSYoungGen      total 29696K, used 4082K [0x00000000eab00000, 0x00000000ecc00000, 0x0000000100000000)
  eden space 25600K, 0% used [0x00000000eab00000,0x00000000eab00000,0x00000000ec400000)
  from space 4096K, 99% used [0x00000000ec800000,0x00000000ecbfc830,0x00000000ecc00000)
  to   space 4096K, 0% used [0x00000000ec400000,0x00000000ec400000,0x00000000ec800000)
 ParOldGen       total 68608K, used 3054K [0x00000000c0000000, 0x00000000c4300000, 0x00000000eab00000)
  object space 68608K, 4% used [0x00000000c0000000,0x00000000c02fb978,0x00000000c4300000)
 Metaspace       used 18039K, capacity 19001K, committed 19456K, reserved 1067008K
  class space    used 1660K, capacity 2012K, committed 2048K, reserved 1048576K
}
Event: 3.489 GC heap before
{Heap before GC invocations=3 (full 0):
 PSYoungGen      total 29696K, used 18398K [0x00000000eab00000, 0x00000000ecc00000, 0x0000000100000000)
  eden space 25600K, 55% used [0x00000000eab00000,0x00000000eb8fb178,0x00000000ec400000)
  from space 4096K, 99% used [0x00000000ec800000,0x00000000ecbfc830,0x00000000ecc00000)
  to   space 4096K, 0% used [0x00000000ec400000,0x00000000ec400000,0x00000000ec800000)
 ParOldGen       total 68608K, used 3054K [0x00000000c0000000, 0x00000000c4300000, 0x00000000eab00000)
  object space 68608K, 4% used [0x00000000c0000000,0x00000000c02fb978,0x00000000c4300000)
 Metaspace       used 20091K, capacity 21080K, committed 21248K, reserved 1069056K
  class space    used 1879K, capacity 2287K, committed 2304K, reserved 1048576K
}
Event: 3.498 GC heap after
{Heap after GC invocations=3 (full 0):
 PSYoungGen      total 29696K, used 4083K [0x00000000eab00000, 0x00000000ecc00000, 0x0000000100000000)
  eden space 25600K, 0% used [0x00000000eab00000,0x00000000eab00000,0x00000000ec400000)
  from space 4096K, 99% used [0x00000000ec400000,0x00000000ec7fcda0,0x00000000ec800000)
  to   space 4096K, 0% used [0x00000000ec800000,0x00000000ec800000,0x00000000ecc00000)
 ParOldGen       total 68608K, used 4871K [0x00000000c0000000, 0x00000000c4300000, 0x00000000eab00000)
  object space 68608K, 7% used [0x00000000c0000000,0x00000000c04c1c38,0x00000000c4300000)
 Metaspace       used 20091K, capacity 21080K, committed 21248K, reserved 1069056K
  class space    used 1879K, capacity 2287K, committed 2304K, reserved 1048576K
}
Event: 3.498 GC heap before
{Heap before GC invocations=4 (full 1):
 PSYoungGen      total 29696K, used 4083K [0x00000000eab00000, 0x00000000ecc00000, 0x0000000100000000)
  eden space 25600K, 0% used [0x00000000eab00000,0x00000000eab00000,0x00000000ec400000)
  from space 4096K, 99% used [0x00000000ec400000,0x00000000ec7fcda0,0x00000000ec800000)
  to   space 4096K, 0% used [0x00000000ec800000,0x00000000ec800000,0x00000000ecc00000)
 ParOldGen       total 68608K, used 4871K [0x00000000c0000000, 0x00000000c4300000, 0x00000000eab00000)
  object space 68608K, 7% used [0x00000000c0000000,0x00000000c04c1c38,0x00000000c4300000)
 Metaspace       used 20091K, capacity 21080K, committed 21248K, reserved 1069056K
  class space    used 1879K, capacity 2287K, committed 2304K, reserved 1048576K
}
Event: 3.554 GC heap after
{Heap after GC invocations=4 (full 1):
 PSYoungGen      total 29696K, used 0K [0x00000000eab00000, 0x00000000ecc00000, 0x0000000100000000)
  eden space 25600K, 0% used [0x00000000eab00000,0x00000000eab00000,0x00000000ec400000)
  from space 4096K, 0% used [0x00000000ec400000,0x00000000ec400000,0x00000000ec800000)
  to   space 4096K, 0% used [0x00000000ec800000,0x00000000ec800000,0x00000000ecc00000)
 ParOldGen       total 68608K, used 8776K [0x00000000c0000000, 0x00000000c4300000, 0x00000000eab00000)
  object space 68608K, 12% used [0x00000000c0000000,0x00000000c0892028,0x00000000c4300000)
 Metaspace       used 20091K, capacity 21080K, committed 21248K, reserved 1069056K
  class space    used 1879K, capacity 2287K, committed 2304K, reserved 1048576K
}
Event: 4.598 GC heap before
{Heap before GC invocations=5 (full 1):
 PSYoungGen      total 29696K, used 25600K [0x00000000eab00000, 0x00000000ecc00000, 0x0000000100000000)
  eden space 25600K, 100% used [0x00000000eab00000,0x00000000ec400000,0x00000000ec400000)
  from space 4096K, 0% used [0x00000000ec400000,0x00000000ec400000,0x00000000ec800000)
  to   space 4096K, 0% used [0x00000000ec800000,0x00000000ec800000,0x00000000ecc00000)
 ParOldGen       total 68608K, used 8776K [0x00000000c0000000, 0x00000000c4300000, 0x00000000eab00000)
  object space 68608K, 12% used [0x00000000c0000000,0x00000000c0892028,0x00000000c4300000)
 Metaspace       used 24165K, capacity 25363K, committed 25472K, reserved 1071104K
  class space    used 2449K, capacity 2909K, committed 2944K, reserved 1048576K
}
Event: 4.602 GC heap after
{Heap after GC invocations=5 (full 1):
 PSYoungGen      total 29696K, used 1822K [0x00000000eab00000, 0x00000000ecc00000, 0x0000000100000000)
  eden space 25600K, 0% used [0x00000000eab00000,0x00000000eab00000,0x00000000ec400000)
  from space 4096K, 44% used [0x00000000ec800000,0x00000000ec9c7a80,0x00000000ecc00000)
  to   space 4096K, 0% used [0x00000000ec400000,0x00000000ec400000,0x00000000ec800000)
 ParOldGen       total 68608K, used 8784K [0x00000000c0000000, 0x00000000c4300000, 0x00000000eab00000)
  object space 68608K, 12% used [0x00000000c0000000,0x00000000c0894028,0x00000000c4300000)
 Metaspace       used 24165K, capacity 25363K, committed 25472K, reserved 1071104K
  class space    used 2449K, capacity 2909K, committed 2944K, reserved 1048576K
}
Event: 5.544 GC heap before
{Heap before GC invocations=6 (full 1):
 PSYoungGen      total 29696K, used 27422K [0x00000000eab00000, 0x00000000ecc00000, 0x0000000100000000)
  eden space 25600K, 100% used [0x00000000eab00000,0x00000000ec400000,0x00000000ec400000)
  from space 4096K, 44% used [0x00000000ec800000,0x00000000ec9c7a80,0x00000000ecc00000)
  to   space 4096K, 0% used [0x00000000ec400000,0x00000000ec400000,0x00000000ec800000)
 ParOldGen       total 68608K, used 8784K [0x00000000c0000000, 0x00000000c4300000, 0x00000000eab00000)
  object space 68608K, 12% used [0x00000000c0000000,0x00000000c0894028,0x00000000c4300000)
 Metaspace       used 27952K, capacity 29423K, committed 29696K, reserved 1075200K
  class space    used 2958K, capacity 3514K, committed 3584K, reserved 1048576K
}
Event: 5.550 GC heap after
{Heap after GC invocations=6 (full 1):
 PSYoungGen      total 28672K, used 3434K [0x00000000eab00000, 0x00000000ecb80000, 0x0000000100000000)
  eden space 25088K, 0% used [0x00000000eab00000,0x00000000eab00000,0x00000000ec380000)
  from space 3584K, 95% used [0x00000000ec400000,0x00000000ec75ab28,0x00000000ec780000)
  to   space 4096K, 0% used [0x00000000ec780000,0x00000000ec780000,0x00000000ecb80000)
 ParOldGen       total 68608K, used 8792K [0x00000000c0000000, 0x00000000c4300000, 0x00000000eab00000)
  object space 68608K, 12% used [0x00000000c0000000,0x00000000c0896028,0x00000000c4300000)
 Metaspace       used 27952K, capacity 29423K, committed 29696K, reserved 1075200K
  class space    used 2958K, capacity 3514K, committed 3584K, reserved 1048576K
}
Event: 6.452 GC heap before
{Heap before GC invocations=7 (full 1):
 PSYoungGen      total 28672K, used 28522K [0x00000000eab00000, 0x00000000ecb80000, 0x0000000100000000)
  eden space 25088K, 100% used [0x00000000eab00000,0x00000000ec380000,0x00000000ec380000)
  from space 3584K, 95% used [0x00000000ec400000,0x00000000ec75ab28,0x00000000ec780000)
  to   space 4096K, 0% used [0x00000000ec780000,0x00000000ec780000,0x00000000ecb80000)
 ParOldGen       total 68608K, used 8792K [0x00000000c0000000, 0x00000000c4300000, 0x00000000eab00000)
  object space 68608K, 12% used [0x00000000c0000000,0x00000000c0896028,0x00000000c4300000)
 Metaspace       used 30015K, capacity 31388K, committed 31744K, reserved 1077248K
  class space    used 3164K, capacity 3734K, committed 3840K, reserved 1048576K
}
Event: 6.462 GC heap after
{Heap after GC invocations=7 (full 1):
 PSYoungGen      total 28160K, used 4074K [0x00000000eab00000, 0x00000000ecd00000, 0x0000000100000000)
  eden space 24064K, 0% used [0x00000000eab00000,0x00000000eab00000,0x00000000ec280000)
  from space 4096K, 99% used [0x00000000ec780000,0x00000000ecb7ab28,0x00000000ecb80000)
  to   space 5120K, 0% used [0x00000000ec280000,0x00000000ec280000,0x00000000ec780000)
 ParOldGen       total 68608K, used 9354K [0x00000000c0000000, 0x00000000c4300000, 0x00000000eab00000)
  object space 68608K, 13% used [0x00000000c0000000,0x00000000c0922838,0x00000000c4300000)
 Metaspace       used 30015K, capacity 31388K, committed 31744K, reserved 1077248K
  class space    used 3164K, capacity 3734K, committed 3840K, reserved 1048576K
}
Event: 7.026 GC heap before
{Heap before GC invocations=8 (full 1):
 PSYoungGen      total 28160K, used 16228K [0x00000000eab00000, 0x00000000ecd00000, 0x0000000100000000)
  eden space 24064K, 50% used [0x00000000eab00000,0x00000000eb6de6d0,0x00000000ec280000)
  from space 4096K, 99% used [0x00000000ec780000,0x00000000ecb7ab28,0x00000000ecb80000)
  to   space 5120K, 0% used [0x00000000ec280000,0x00000000ec280000,0x00000000ec780000)
 ParOldGen       total 68608K, used 9354K [0x00000000c0000000, 0x00000000c4300000, 0x00000000eab00000)
  object space 68608K, 13% used [0x00000000c0000000,0x00000000c0922838,0x00000000c4300000)
 Metaspace       used 33426K, capacity 35107K, committed 35416K, reserved 1081344K
  class space    used 3570K, capacity 4214K, committed 4224K, reserved 1048576K
}
Event: 7.035 GC heap after
{Heap after GC invocations=8 (full 1):
 PSYoungGen      total 29184K, used 5104K [0x00000000eab00000, 0x00000000ed300000, 0x0000000100000000)
  eden space 24064K, 0% used [0x00000000eab00000,0x00000000eab00000,0x00000000ec280000)
  from space 5120K, 99% used [0x00000000ec280000,0x00000000ec77c038,0x00000000ec780000)
  to   space 8192K, 0% used [0x00000000ecb00000,0x00000000ecb00000,0x00000000ed300000)
 ParOldGen       total 68608K, used 11563K [0x00000000c0000000, 0x00000000c4300000, 0x00000000eab00000)
  object space 68608K, 16% used [0x00000000c0000000,0x00000000c0b4ae98,0x00000000c4300000)
 Metaspace       used 33426K, capacity 35107K, committed 35416K, reserved 1081344K
  class space    used 3570K, capacity 4214K, committed 4224K, reserved 1048576K
}
Event: 7.035 GC heap before
{Heap before GC invocations=9 (full 2):
 PSYoungGen      total 29184K, used 5104K [0x00000000eab00000, 0x00000000ed300000, 0x0000000100000000)
  eden space 24064K, 0% used [0x00000000eab00000,0x00000000eab00000,0x00000000ec280000)
  from space 5120K, 99% used [0x00000000ec280000,0x00000000ec77c038,0x00000000ec780000)
  to   space 8192K, 0% used [0x00000000ecb00000,0x00000000ecb00000,0x00000000ed300000)
 ParOldGen       total 68608K, used 11563K [0x00000000c0000000, 0x00000000c4300000, 0x00000000eab00000)
  object space 68608K, 16% used [0x00000000c0000000,0x00000000c0b4ae98,0x00000000c4300000)
 Metaspace       used 33426K, capacity 35107K, committed 35416K, reserved 1081344K
  class space    used 3570K, capacity 4214K, committed 4224K, reserved 1048576K
}
Event: 7.123 GC heap after
{Heap after GC invocations=9 (full 2):
 PSYoungGen      total 29184K, used 0K [0x00000000eab00000, 0x00000000ed300000, 0x0000000100000000)
  eden space 24064K, 0% used [0x00000000eab00000,0x00000000eab00000,0x00000000ec280000)
  from space 5120K, 0% used [0x00000000ec280000,0x00000000ec280000,0x00000000ec780000)
  to   space 8192K, 0% used [0x00000000ecb00000,0x00000000ecb00000,0x00000000ed300000)
 ParOldGen       total 68608K, used 16359K [0x00000000c0000000, 0x00000000c4300000, 0x00000000eab00000)
  object space 68608K, 23% used [0x00000000c0000000,0x00000000c0ff9fe8,0x00000000c4300000)
 Metaspace       used 33426K, capacity 35107K, committed 35416K, reserved 1081344K
  class space    used 3570K, capacity 4214K, committed 4224K, reserved 1048576K
}
Event: 7.909 GC heap before
{Heap before GC invocations=10 (full 2):
 PSYoungGen      total 29184K, used 24064K [0x00000000eab00000, 0x00000000ed300000, 0x0000000100000000)
  eden space 24064K, 100% used [0x00000000eab00000,0x00000000ec280000,0x00000000ec280000)
  from space 5120K, 0% used [0x00000000ec280000,0x00000000ec280000,0x00000000ec780000)
  to   space 8192K, 0% used [0x00000000ecb00000,0x00000000ecb00000,0x00000000ed300000)
 ParOldGen       total 68608K, used 16359K [0x00000000c0000000, 0x00000000c4300000, 0x00000000eab00000)
  object space 68608K, 23% used [0x00000000c0000000,0x00000000c0ff9fe8,0x00000000c4300000)
 Metaspace       used 37285K, capacity 39341K, committed 39640K, reserved 1083392K
  class space    used 4046K, capacity 4843K, committed 4864K, reserved 1048576K
}
Event: 7.915 GC heap after
{Heap after GC invocations=10 (full 2):
 PSYoungGen      total 26112K, used 2085K [0x00000000eab00000, 0x00000000ecd80000, 0x0000000100000000)
  eden space 23552K, 0% used [0x00000000eab00000,0x00000000eab00000,0x00000000ec200000)
  from space 2560K, 81% used [0x00000000ecb00000,0x00000000ecd09518,0x00000000ecd80000)
  to   space 4096K, 0% used [0x00000000ec580000,0x00000000ec580000,0x00000000ec980000)
 ParOldGen       total 68608K, used 16367K [0x00000000c0000000, 0x00000000c4300000, 0x00000000eab00000)
  object space 68608K, 23% used [0x00000000c0000000,0x00000000c0ffbfe8,0x00000000c4300000)
 Metaspace       used 37285K, capacity 39341K, committed 39640K, reserved 1083392K
  class space    used 4046K, capacity 4843K, committed 4864K, reserved 1048576K
}
Event: 8.799 GC heap before
{Heap before GC invocations=11 (full 2):
 PSYoungGen      total 26112K, used 25637K [0x00000000eab00000, 0x00000000ecd80000, 0x0000000100000000)
  eden space 23552K, 100% used [0x00000000eab00000,0x00000000ec200000,0x00000000ec200000)
  from space 2560K, 81% used [0x00000000ecb00000,0x00000000ecd09518,0x00000000ecd80000)
  to   space 4096K, 0% used [0x00000000ec580000,0x00000000ec580000,0x00000000ec980000)
 ParOldGen       total 68608K, used 16367K [0x00000000c0000000, 0x00000000c4300000, 0x00000000eab00000)
  object space 68608K, 23% used [0x00000000c0000000,0x00000000c0ffbfe8,0x00000000c4300000)
 Metaspace       used 40234K, capacity 42394K, committed 42584K, reserved 1087488K
  class space    used 4367K, capacity 5174K, committed 5248K, reserved 1048576K
}
Event: 8.810 GC heap after
{Heap after GC invocations=11 (full 2):
 PSYoungGen      total 27136K, used 4065K [0x00000000eab00000, 0x00000000ecb80000, 0x0000000100000000)
  eden space 23040K, 0% used [0x00000000eab00000,0x00000000eab00000,0x00000000ec180000)
  from space 4096K, 99% used [0x00000000ec580000,0x00000000ec9784f0,0x00000000ec980000)
  to   space 2048K, 0% used [0x00000000ec980000,0x00000000ec980000,0x00000000ecb80000)
 ParOldGen       total 68608K, used 16375K [0x00000000c0000000, 0x00000000c4300000, 0x00000000eab00000)
  object space 68608K, 23% used [0x00000000c0000000,0x00000000c0ffdfe8,0x00000000c4300000)
 Metaspace       used 40234K, capacity 42394K, committed 42584K, reserved 1087488K
  class space    used 4367K, capacity 5174K, committed 5248K, reserved 1048576K
}

