# JRE version: OpenJDK Runtime Environment (14.0.1+7) (build 14.0.1+7-Ubuntu-1ubuntu1)
# Java VM: OpenJDK 64-Bit Server VM (14.0.1+7-Ubuntu-1ubuntu1, mixed mode, sharing, tiered, compressed oops, parallel gc, linux-amd64)
Heap:
 PSYoungGen      total 25600K, used 7578K [0x00000000eab00000, 0x00000000ece00000, 0x0000000100000000)
  eden space 22528K, 20% used [0x00000000eab00000,0x00000000eaf6cfe8,0x00000000ec100000)
  from space 3072K, 99% used [0x00000000ec900000,0x00000000ecbf9be0,0x00000000ecc00000)
  to   space 6656K, 0% used [0x00000000ec100000,0x00000000ec100000,0x00000000ec780000)
 ParOldGen       total 68608K, used 19578K [0x00000000c0000000, 0x00000000c4300000, 0x00000000eab00000)
  object space 68608K, 28% used [0x00000000c0000000,0x00000000c131e930,0x00000000c4300000)
 Metaspace       used 40521K, capacity 42621K, committed 43096K, reserved 1087488K
  class space    used 4392K, capacity 5186K, committed 5248K, reserved 1048576K
GC Heap History (20 events):
Event: 4.532 GC heap before
{Heap before GC invocations=3 (full 0):
 PSYoungGen      total 29696K, used 15388K [0x00000000eab00000, 0x00000000ecc00000, 0x0000000100000000)
  eden space 25600K, 44% used [0x00000000eab00000,0x00000000eb60e760,0x00000000ec400000)
  from space 4096K, 99% used [0x00000000ec800000,0x00000000ecbf8aa8,0x00000000ecc00000)
  to   space 4096K, 0% used [0x00000000ec400000,0x00000000ec400000,0x00000000ec800000)
 ParOldGen       total 68608K, used 3056K [0x00000000c0000000, 0x00000000c4300000, 0x00000000eab00000)
  object space 68608K, 4% used [0x00000000c0000000,0x00000000c02fc2f8,0x00000000c4300000)
 Metaspace       used 20055K, capacity 20996K, committed 21248K, reserved 1069056K
  class space    used 1869K, capacity 2279K, committed 2304K, reserved 1048576K
}
Event: 4.543 GC heap after
{Heap after GC invocations=3 (full 0):
 PSYoungGen      total 29696K, used 4077K [0x00000000eab00000, 0x00000000ecc00000, 0x0000000100000000)
  eden space 25600K, 0% used [0x00000000eab00000,0x00000000eab00000,0x00000000ec400000)
  from space 4096K, 99% used [0x00000000ec400000,0x00000000ec7fb660,0x00000000ec800000)
  to   space 4096K, 0% used [0x00000000ec800000,0x00000000ec800000,0x00000000ecc00000)
 ParOldGen       total 68608K, used 4523K [0x00000000c0000000, 0x00000000c4300000, 0x00000000eab00000)
  object space 68608K, 6% used [0x00000000c0000000,0x00000000c046ad28,0x00000000c4300000)
 Metaspace       used 20055K, capacity 20996K, committed 21248K, reserved 1069056K
  class space    used 1869K, capacity 2279K, committed 2304K, reserved 1048576K
}
Event: 4.543 GC heap before
{Heap before GC invocations=4 (full 1):
 PSYoungGen      total 29696K, used 4077K [0x00000000eab00000, 0x00000000ecc00000, 0x0000000100000000)
  eden space 25600K, 0% used [0x00000000eab00000,0x00000000eab00000,0x00000000ec400000)
  from space 4096K, 99% used [0x00000000ec400000,0x00000000ec7fb660,0x00000000ec800000)
  to   space 4096K, 0% used [0x00000000ec800000,0x00000000ec800000,0x00000000ecc00000)
 ParOldGen       total 68608K, used 4523K [0x00000000c0000000, 0x00000000c4300000, 0x00000000eab00000)
  object space 68608K, 6% used [0x00000000c0000000,0x00000000c046ad28,0x00000000c4300000)
 Metaspace       used 20055K, capacity 20996K, committed 21248K, reserved 1069056K
  class space    used 1869K, capacity 2279K, committed 2304K, reserved 1048576K
}
Event: 4.594 GC heap after
{Heap after GC invocations=4 (full 1):
 PSYoungGen      total 29696K, used 0K [0x00000000eab00000, 0x00000000ecc00000, 0x0000000100000000)
  eden space 25600K, 0% used [0x00000000eab00000,0x00000000eab00000,0x00000000ec400000)
  from space 4096K, 0% used [0x00000000ec400000,0x00000000ec400000,0x00000000ec800000)
  to   space 4096K, 0% used [0x00000000ec800000,0x00000000ec800000,0x00000000ecc00000)
 ParOldGen       total 68608K, used 8429K [0x00000000c0000000, 0x00000000c4300000, 0x00000000eab00000)
  object space 68608K, 12% used [0x00000000c0000000,0x00000000c083b6b8,0x00000000c4300000)
 Metaspace       used 20055K, capacity 20996K, committed 21248K, reserved 1069056K
  class space    used 1869K, capacity 2279K, committed 2304K, reserved 1048576K
}
Event: 6.036 GC heap before
{Heap before GC invocations=5 (full 1):
 PSYoungGen      total 29696K, used 25600K [0x00000000eab00000, 0x00000000ecc00000, 0x0000000100000000)
  eden space 25600K, 100% used [0x00000000eab00000,0x00000000ec400000,0x00000000ec400000)
  from space 4096K, 0% used [0x00000000ec400000,0x00000000ec400000,0x00000000ec800000)
  to   space 4096K, 0% used [0x00000000ec800000,0x00000000ec800000,0x00000000ecc00000)
 ParOldGen       total 68608K, used 8429K [0x00000000c0000000, 0x00000000c4300000, 0x00000000eab00000)
  object space 68608K, 12% used [0x00000000c0000000,0x00000000c083b6b8,0x00000000c4300000)
 Metaspace       used 23800K, capacity 25055K, committed 25472K, reserved 1071104K
  class space    used 2400K, capacity 2849K, committed 2944K, reserved 1048576K
}
Event: 6.040 GC heap after
{Heap after GC invocations=5 (full 1):
 PSYoungGen      total 29696K, used 2204K [0x00000000eab00000, 0x00000000ecc00000, 0x0000000100000000)
  eden space 25600K, 0% used [0x00000000eab00000,0x00000000eab00000,0x00000000ec400000)
  from space 4096K, 53% used [0x00000000ec800000,0x00000000eca27228,0x00000000ecc00000)
  to   space 4096K, 0% used [0x00000000ec400000,0x00000000ec400000,0x00000000ec800000)
 ParOldGen       total 68608K, used 8437K [0x00000000c0000000, 0x00000000c4300000, 0x00000000eab00000)
  object space 68608K, 12% used [0x00000000c0000000,0x00000000c083d6b8,0x00000000c4300000)
 Metaspace       used 23800K, capacity 25055K, committed 25472K, reserved 1071104K
  class space    used 2400K, capacity 2849K, committed 2944K, reserved 1048576K
}
Event: 7.422 GC heap before
{Heap before GC invocations=6 (full 1):
 PSYoungGen      total 29696K, used 27804K [0x00000000eab00000, 0x00000000ecc00000, 0x0000000100000000)
  eden space 25600K, 100% used [0x00000000eab00000,0x00000000ec400000,0x00000000ec400000)
  from space 4096K, 53% used [0x00000000ec800000,0x00000000eca27228,0x00000000ecc00000)
  to   space 4096K, 0% used [0x00000000ec400000,0x00000000ec400000,0x00000000ec800000)
 ParOldGen       total 68608K, used 8437K [0x00000000c0000000, 0x00000000c4300000, 0x00000000eab00000)
  object space 68608K, 12% used [0x00000000c0000000,0x00000000c083d6b8,0x00000000c4300000)
 Metaspace       used 27983K, capacity 29265K, committed 29568K, reserved 1075200K
  class space    used 2952K, capacity 3440K, committed 3456K, reserved 1048576K
}
Event: 7.430 GC heap after
{Heap after GC invocations=6 (full 1):
 PSYoungGen      total 29184K, used 3982K [0x00000000eab00000, 0x00000000ecc80000, 0x0000000100000000)
  eden space 25088K, 0% used [0x00000000eab00000,0x00000000eab00000,0x00000000ec380000)
  from space 4096K, 97% used [0x00000000ec400000,0x00000000ec7e3ae8,0x00000000ec800000)
  to   space 4608K, 0% used [0x00000000ec800000,0x00000000ec800000,0x00000000ecc80000)
 ParOldGen       total 68608K, used 8445K [0x00000000c0000000, 0x00000000c4300000, 0x00000000eab00000)
  object space 68608K, 12% used [0x00000000c0000000,0x00000000c083f6b8,0x00000000c4300000)
 Metaspace       used 27983K, capacity 29265K, committed 29568K, reserved 1075200K
  class space    used 2952K, capacity 3440K, committed 3456K, reserved 1048576K
}
Event: 8.764 GC heap before
{Heap before GC invocations=7 (full 1):
 PSYoungGen      total 29184K, used 29070K [0x00000000eab00000, 0x00000000ecc80000, 0x0000000100000000)
  eden space 25088K, 100% used [0x00000000eab00000,0x00000000ec380000,0x00000000ec380000)
  from space 4096K, 97% used [0x00000000ec400000,0x00000000ec7e3ae8,0x00000000ec800000)
  to   space 4608K, 0% used [0x00000000ec800000,0x00000000ec800000,0x00000000ecc80000)
 ParOldGen       total 68608K, used 8445K [0x00000000c0000000, 0x00000000c4300000, 0x00000000eab00000)
  object space 68608K, 12% used [0x00000000c0000000,0x00000000c083f6b8,0x00000000c4300000)
 Metaspace       used 29359K, capacity 30825K, committed 31360K, reserved 1077248K
  class space    used 3096K, capacity 3663K, committed 3712K, reserved 1048576K
}
Event: 8.774 GC heap after
{Heap after GC invocations=7 (full 1):
 PSYoungGen      total 28672K, used 4583K [0x00000000eab00000, 0x00000000ece00000, 0x0000000100000000)
  eden space 24064K, 0% used [0x00000000eab00000,0x00000000eab00000,0x00000000ec280000)
  from space 4608K, 99% used [0x00000000ec800000,0x00000000ecc79e30,0x00000000ecc80000)
  to   space 5632K, 0% used [0x00000000ec280000,0x00000000ec280000,0x00000000ec800000)
 ParOldGen       total 68608K, used 8805K [0x00000000c0000000, 0x00000000c4300000, 0x00000000eab00000)
  object space 68608K, 12% used [0x00000000c0000000,0x00000000c08996b8,0x00000000c4300000)
 Metaspace       used 29359K, capacity 30825K, committed 31360K, reserved 1077248K
  class space    used 3096K, capacity 3663K, committed 3712K, reserved 1048576K
}
Event: 9.947 GC heap before
{Heap before GC invocations=8 (full 1):
 PSYoungGen      total 28672K, used 20317K [0x00000000eab00000, 0x00000000ece00000, 0x0000000100000000)
  eden space 24064K, 65% used [0x00000000eab00000,0x00000000eba5d818,0x00000000ec280000)
  from space 4608K, 99% used [0x00000000ec800000,0x00000000ecc79e30,0x00000000ecc80000)
  to   space 5632K, 0% used [0x00000000ec280000,0x00000000ec280000,0x00000000ec800000)
 ParOldGen       total 68608K, used 8805K [0x00000000c0000000, 0x00000000c4300000, 0x00000000eab00000)
  object space 68608K, 12% used [0x00000000c0000000,0x00000000c08996b8,0x00000000c4300000)
 Metaspace       used 33487K, capacity 35183K, committed 35416K, reserved 1081344K
  class space    used 3576K, capacity 4218K, committed 4224K, reserved 1048576K
}
Event: 9.960 GC heap after
{Heap after GC invocations=8 (full 1):
 PSYoungGen      total 29696K, used 5616K [0x00000000eab00000, 0x00000000ed400000, 0x0000000100000000)
  eden space 24064K, 0% used [0x00000000eab00000,0x00000000eab00000,0x00000000ec280000)
  from space 5632K, 99% used [0x00000000ec280000,0x00000000ec7fc188,0x00000000ec800000)
  to   space 8704K, 0% used [0x00000000ecb80000,0x00000000ecb80000,0x00000000ed400000)
 ParOldGen       total 68608K, used 11295K [0x00000000c0000000, 0x00000000c4300000, 0x00000000eab00000)
  object space 68608K, 16% used [0x00000000c0000000,0x00000000c0b07f28,0x00000000c4300000)
 Metaspace       used 33487K, capacity 35183K, committed 35416K, reserved 1081344K
  class space    used 3576K, capacity 4218K, committed 4224K, reserved 1048576K
}
Event: 9.960 GC heap before
{Heap before GC invocations=9 (full 2):
 PSYoungGen      total 29696K, used 5616K [0x00000000eab00000, 0x00000000ed400000, 0x0000000100000000)
  eden space 24064K, 0% used [0x00000000eab00000,0x00000000eab00000,0x00000000ec280000)
  from space 5632K, 99% used [0x00000000ec280000,0x00000000ec7fc188,0x00000000ec800000)
  to   space 8704K, 0% used [0x00000000ecb80000,0x00000000ecb80000,0x00000000ed400000)
 ParOldGen       total 68608K, used 11295K [0x00000000c0000000, 0x00000000c4300000, 0x00000000eab00000)
  object space 68608K, 16% used [0x00000000c0000000,0x00000000c0b07f28,0x00000000c4300000)
 Metaspace       used 33487K, capacity 35183K, committed 35416K, reserved 1081344K
  class space    used 3576K, capacity 4218K, committed 4224K, reserved 1048576K
}
Event: 10.093 GC heap after
{Heap after GC invocations=9 (full 2):
 PSYoungGen      total 29696K, used 0K [0x00000000eab00000, 0x00000000ed400000, 0x0000000100000000)
  eden space 24064K, 0% used [0x00000000eab00000,0x00000000eab00000,0x00000000ec280000)
  from space 5632K, 0% used [0x00000000ec280000,0x00000000ec280000,0x00000000ec800000)
  to   space 8704K, 0% used [0x00000000ecb80000,0x00000000ecb80000,0x00000000ed400000)
 ParOldGen       total 68608K, used 16561K [0x00000000c0000000, 0x00000000c4300000, 0x00000000eab00000)
  object space 68608K, 24% used [0x00000000c0000000,0x00000000c102c560,0x00000000c4300000)
 Metaspace       used 33487K, capacity 35183K, committed 35416K, reserved 1081344K
  class space    used 3576K, capacity 4218K, committed 4224K, reserved 1048576K
}
Event: 11.044 GC heap before
{Heap before GC invocations=10 (full 2):
 PSYoungGen      total 29696K, used 24064K [0x00000000eab00000, 0x00000000ed400000, 0x0000000100000000)
  eden space 24064K, 100% used [0x00000000eab00000,0x00000000ec280000,0x00000000ec280000)
  from space 5632K, 0% used [0x00000000ec280000,0x00000000ec280000,0x00000000ec800000)
  to   space 8704K, 0% used [0x00000000ecb80000,0x00000000ecb80000,0x00000000ed400000)
 ParOldGen       total 68608K, used 16561K [0x00000000c0000000, 0x00000000c4300000, 0x00000000eab00000)
  object space 68608K, 24% used [0x00000000c0000000,0x00000000c102c560,0x00000000c4300000)
 Metaspace       used 36540K, capacity 38531K, committed 38872K, reserved 1083392K
  class space    used 3945K, capacity 4765K, committed 4864K, reserved 1048576K
}
Event: 11.054 GC heap after
{Heap after GC invocations=10 (full 2):
 PSYoungGen      total 25088K, used 1390K [0x00000000eab00000, 0x00000000ecd00000, 0x0000000100000000)
  eden space 23552K, 0% used [0x00000000eab00000,0x00000000eab00000,0x00000000ec200000)
  from space 1536K, 90% used [0x00000000ecb80000,0x00000000eccdb9e8,0x00000000ecd00000)
  to   space 4096K, 0% used [0x00000000ec500000,0x00000000ec500000,0x00000000ec900000)
 ParOldGen       total 68608K, used 16569K [0x00000000c0000000, 0x00000000c4300000, 0x00000000eab00000)
  object space 68608K, 24% used [0x00000000c0000000,0x00000000c102e560,0x00000000c4300000)
 Metaspace       used 36540K, capacity 38531K, committed 38872K, reserved 1083392K
  class space    used 3945K, capacity 4765K, committed 4864K, reserved 1048576K
}
Event: 12.083 GC heap before
{Heap before GC invocations=11 (full 2):
 PSYoungGen      total 25088K, used 24942K [0x00000000eab00000, 0x00000000ecd00000, 0x0000000100000000)
  eden space 23552K, 100% used [0x00000000eab00000,0x00000000ec200000,0x00000000ec200000)
  from space 1536K, 90% used [0x00000000ecb80000,0x00000000eccdb9e8,0x00000000ecd00000)
  to   space 4096K, 0% used [0x00000000ec500000,0x00000000ec500000,0x00000000ec900000)
 ParOldGen       total 68608K, used 16569K [0x00000000c0000000, 0x00000000c4300000, 0x00000000eab00000)
  object space 68608K, 24% used [0x00000000c0000000,0x00000000c102e560,0x00000000c4300000)
 Metaspace       used 40314K, capacity 42410K, committed 42840K, reserved 1087488K
  class space    used 4375K, capacity 5180K, committed 5248K, reserved 1048576K
}
Event: 12.108 GC heap after
{Heap after GC invocations=11 (full 2):
 PSYoungGen      total 27136K, used 4069K [0x00000000eab00000, 0x00000000ecc00000, 0x0000000100000000)
  eden space 23040K, 0% used [0x00000000eab00000,0x00000000eab00000,0x00000000ec180000)
  from space 4096K, 99% used [0x00000000ec500000,0x00000000ec8f95b8,0x00000000ec900000)
  to   space 3072K, 0% used [0x00000000ec900000,0x00000000ec900000,0x00000000ecc00000)
 ParOldGen       total 68608K, used 16761K [0x00000000c0000000, 0x00000000c4300000, 0x00000000eab00000)
  object space 68608K, 24% used [0x00000000c0000000,0x00000000c105e560,0x00000000c4300000)
 Metaspace       used 40314K, capacity 42410K, committed 42840K, reserved 1087488K
  class space    used 4375K, capacity 5180K, committed 5248K, reserved 1048576K
}
Event: 12.457 GC heap before
{Heap before GC invocations=12 (full 2):
 PSYoungGen      total 27136K, used 27109K [0x00000000eab00000, 0x00000000ecc00000, 0x0000000100000000)
  eden space 23040K, 100% used [0x00000000eab00000,0x00000000ec180000,0x00000000ec180000)
  from space 4096K, 99% used [0x00000000ec500000,0x00000000ec8f95b8,0x00000000ec900000)
  to   space 3072K, 0% used [0x00000000ec900000,0x00000000ec900000,0x00000000ecc00000)
 ParOldGen       total 68608K, used 16761K [0x00000000c0000000, 0x00000000c4300000, 0x00000000eab00000)
  object space 68608K, 24% used [0x00000000c0000000,0x00000000c105e560,0x00000000c4300000)
 Metaspace       used 40506K, capacity 42621K, committed 43096K, reserved 1087488K
  class space    used 4392K, capacity 5186K, committed 5248K, reserved 1048576K
}
Event: 12.488 GC heap after
{Heap after GC invocations=12 (full 2):
 PSYoungGen      total 25600K, used 3046K [0x00000000eab00000, 0x00000000ece00000, 0x0000000100000000)
  eden space 22528K, 0% used [0x00000000eab00000,0x00000000eab00000,0x00000000ec100000)
  from space 3072K, 99% used [0x00000000ec900000,0x00000000ecbf9be0,0x00000000ecc00000)
  to   space 6656K, 0% used [0x00000000ec100000,0x00000000ec100000,0x00000000ec780000)
 ParOldGen       total 68608K, used 19578K [0x00000000c0000000, 0x00000000c4300000, 0x00000000eab00000)
  object space 68608K, 28% used [0x00000000c0000000,0x00000000c131e930,0x00000000c4300000)
 Metaspace       used 40506K, capacity 42621K, committed 43096K, reserved 1087488K
  class space    used 4392K, capacity 5186K, committed 5248K, reserved 1048576K
}

