# JRE version: OpenJDK Runtime Environment (14.0.1+7) (build 14.0.1+7-Ubuntu-1ubuntu1)
# Java VM: OpenJDK 64-Bit Server VM (14.0.1+7-Ubuntu-1ubuntu1, mixed mode, sharing, tiered, compressed oops, parallel gc, linux-amd64)
Heap:
 PSYoungGen      total 24064K, used 8192K [0x00000000eab00000, 0x00000000ec700000, 0x0000000100000000)
  eden space 21504K, 26% used [0x00000000eab00000,0x00000000eb0824d8,0x00000000ec000000)
  from space 2560K, 99% used [0x00000000ec000000,0x00000000ec27dca0,0x00000000ec280000)
  to   space 3584K, 0% used [0x00000000ec380000,0x00000000ec380000,0x00000000ec700000)
 ParOldGen       total 68608K, used 31795K [0x00000000c0000000, 0x00000000c4300000, 0x00000000eab00000)
  object space 68608K, 46% used [0x00000000c0000000,0x00000000c1f0cdc8,0x00000000c4300000)
 Metaspace       used 43665K, capacity 45732K, committed 46168K, reserved 1089536K
  class space    used 4688K, capacity 5476K, committed 5504K, reserved 1048576K
GC Heap History (20 events):
Event: 7.077 GC heap before
{Heap before GC invocations=8 (full 1):
 PSYoungGen      total 28672K, used 19871K [0x00000000eab00000, 0x00000000ece00000, 0x0000000100000000)
  eden space 24064K, 63% used [0x00000000eab00000,0x00000000eb9e8530,0x00000000ec280000)
  from space 4608K, 99% used [0x00000000ec800000,0x00000000ecc7f790,0x00000000ecc80000)
  to   space 5632K, 0% used [0x00000000ec280000,0x00000000ec280000,0x00000000ec800000)
 ParOldGen       total 68608K, used 8543K [0x00000000c0000000, 0x00000000c4300000, 0x00000000eab00000)
  object space 68608K, 12% used [0x00000000c0000000,0x00000000c0857c78,0x00000000c4300000)
 Metaspace       used 33384K, capacity 35107K, committed 35416K, reserved 1081344K
  class space    used 3570K, capacity 4214K, committed 4224K, reserved 1048576K
}
Event: 7.088 GC heap after
{Heap after GC invocations=8 (full 1):
 PSYoungGen      total 29696K, used 5627K [0x00000000eab00000, 0x00000000ed400000, 0x0000000100000000)
  eden space 24064K, 0% used [0x00000000eab00000,0x00000000eab00000,0x00000000ec280000)
  from space 5632K, 99% used [0x00000000ec280000,0x00000000ec7fece8,0x00000000ec800000)
  to   space 8704K, 0% used [0x00000000ecb80000,0x00000000ecb80000,0x00000000ed400000)
 ParOldGen       total 68608K, used 11017K [0x00000000c0000000, 0x00000000c4300000, 0x00000000eab00000)
  object space 68608K, 16% used [0x00000000c0000000,0x00000000c0ac2428,0x00000000c4300000)
 Metaspace       used 33384K, capacity 35107K, committed 35416K, reserved 1081344K
  class space    used 3570K, capacity 4214K, committed 4224K, reserved 1048576K
}
Event: 7.088 GC heap before
{Heap before GC invocations=9 (full 2):
 PSYoungGen      total 29696K, used 5627K [0x00000000eab00000, 0x00000000ed400000, 0x0000000100000000)
  eden space 24064K, 0% used [0x00000000eab00000,0x00000000eab00000,0x00000000ec280000)
  from space 5632K, 99% used [0x00000000ec280000,0x00000000ec7fece8,0x00000000ec800000)
  to   space 8704K, 0% used [0x00000000ecb80000,0x00000000ecb80000,0x00000000ed400000)
 ParOldGen       total 68608K, used 11017K [0x00000000c0000000, 0x00000000c4300000, 0x00000000eab00000)
  object space 68608K, 16% used [0x00000000c0000000,0x00000000c0ac2428,0x00000000c4300000)
 Metaspace       used 33384K, capacity 35107K, committed 35416K, reserved 1081344K
  class space    used 3570K, capacity 4214K, committed 4224K, reserved 1048576K
}
Event: 7.178 GC heap after
{Heap after GC invocations=9 (full 2):
 PSYoungGen      total 29696K, used 0K [0x00000000eab00000, 0x00000000ed400000, 0x0000000100000000)
  eden space 24064K, 0% used [0x00000000eab00000,0x00000000eab00000,0x00000000ec280000)
  from space 5632K, 0% used [0x00000000ec280000,0x00000000ec280000,0x00000000ec800000)
  to   space 8704K, 0% used [0x00000000ecb80000,0x00000000ecb80000,0x00000000ed400000)
 ParOldGen       total 68608K, used 16352K [0x00000000c0000000, 0x00000000c4300000, 0x00000000eab00000)
  object space 68608K, 23% used [0x00000000c0000000,0x00000000c0ff8128,0x00000000c4300000)
 Metaspace       used 33384K, capacity 35107K, committed 35416K, reserved 1081344K
  class space    used 3570K, capacity 4214K, committed 4224K, reserved 1048576K
}
Event: 7.890 GC heap before
{Heap before GC invocations=10 (full 2):
 PSYoungGen      total 29696K, used 24064K [0x00000000eab00000, 0x00000000ed400000, 0x0000000100000000)
  eden space 24064K, 100% used [0x00000000eab00000,0x00000000ec280000,0x00000000ec280000)
  from space 5632K, 0% used [0x00000000ec280000,0x00000000ec280000,0x00000000ec800000)
  to   space 8704K, 0% used [0x00000000ecb80000,0x00000000ecb80000,0x00000000ed400000)
 ParOldGen       total 68608K, used 16352K [0x00000000c0000000, 0x00000000c4300000, 0x00000000eab00000)
  object space 68608K, 23% used [0x00000000c0000000,0x00000000c0ff8128,0x00000000c4300000)
 Metaspace       used 36909K, capacity 38997K, committed 39384K, reserved 1083392K
  class space    used 4013K, capacity 4767K, committed 4864K, reserved 1048576K
}
Event: 7.897 GC heap after
{Heap after GC invocations=10 (full 2):
 PSYoungGen      total 26112K, used 2069K [0x00000000eab00000, 0x00000000ece00000, 0x0000000100000000)
  eden space 23552K, 0% used [0x00000000eab00000,0x00000000eab00000,0x00000000ec200000)
  from space 2560K, 80% used [0x00000000ecb80000,0x00000000ecd85528,0x00000000ece00000)
  to   space 4608K, 0% used [0x00000000ec500000,0x00000000ec500000,0x00000000ec980000)
 ParOldGen       total 68608K, used 16360K [0x00000000c0000000, 0x00000000c4300000, 0x00000000eab00000)
  object space 68608K, 23% used [0x00000000c0000000,0x00000000c0ffa128,0x00000000c4300000)
 Metaspace       used 36909K, capacity 38997K, committed 39384K, reserved 1083392K
  class space    used 4013K, capacity 4767K, committed 4864K, reserved 1048576K
}
Event: 8.578 GC heap before
{Heap before GC invocations=11 (full 2):
 PSYoungGen      total 26112K, used 25621K [0x00000000eab00000, 0x00000000ece00000, 0x0000000100000000)
  eden space 23552K, 100% used [0x00000000eab00000,0x00000000ec200000,0x00000000ec200000)
  from space 2560K, 80% used [0x00000000ecb80000,0x00000000ecd85528,0x00000000ece00000)
  to   space 4608K, 0% used [0x00000000ec500000,0x00000000ec500000,0x00000000ec980000)
 ParOldGen       total 68608K, used 16360K [0x00000000c0000000, 0x00000000c4300000, 0x00000000eab00000)
  object space 68608K, 23% used [0x00000000c0000000,0x00000000c0ffa128,0x00000000c4300000)
 Metaspace       used 40189K, capacity 42397K, committed 42840K, reserved 1087488K
  class space    used 4369K, capacity 5176K, committed 5248K, reserved 1048576K
}
Event: 8.589 GC heap after
{Heap after GC invocations=11 (full 2):
 PSYoungGen      total 27648K, used 4353K [0x00000000eab00000, 0x00000000ecc00000, 0x0000000100000000)
  eden space 23040K, 0% used [0x00000000eab00000,0x00000000eab00000,0x00000000ec180000)
  from space 4608K, 94% used [0x00000000ec500000,0x00000000ec940560,0x00000000ec980000)
  to   space 2560K, 0% used [0x00000000ec980000,0x00000000ec980000,0x00000000ecc00000)
 ParOldGen       total 68608K, used 16368K [0x00000000c0000000, 0x00000000c4300000, 0x00000000eab00000)
  object space 68608K, 23% used [0x00000000c0000000,0x00000000c0ffc128,0x00000000c4300000)
 Metaspace       used 40189K, capacity 42397K, committed 42840K, reserved 1087488K
  class space    used 4369K, capacity 5176K, committed 5248K, reserved 1048576K
}
Event: 8.905 GC heap before
{Heap before GC invocations=12 (full 2):
 PSYoungGen      total 27648K, used 27393K [0x00000000eab00000, 0x00000000ecc00000, 0x0000000100000000)
  eden space 23040K, 100% used [0x00000000eab00000,0x00000000ec180000,0x00000000ec180000)
  from space 4608K, 94% used [0x00000000ec500000,0x00000000ec940560,0x00000000ec980000)
  to   space 2560K, 0% used [0x00000000ec980000,0x00000000ec980000,0x00000000ecc00000)
 ParOldGen       total 68608K, used 16368K [0x00000000c0000000, 0x00000000c4300000, 0x00000000eab00000)
  object space 68608K, 23% used [0x00000000c0000000,0x00000000c0ffc128,0x00000000c4300000)
 Metaspace       used 40491K, capacity 42608K, committed 43096K, reserved 1087488K
  class space    used 4401K, capacity 5182K, committed 5248K, reserved 1048576K
}
Event: 8.919 GC heap after
{Heap after GC invocations=12 (full 2):
 PSYoungGen      total 25088K, used 2528K [0x00000000eab00000, 0x00000000ecf00000, 0x0000000100000000)
  eden space 22528K, 0% used [0x00000000eab00000,0x00000000eab00000,0x00000000ec100000)
  from space 2560K, 98% used [0x00000000ec980000,0x00000000ecbf80a0,0x00000000ecc00000)
  to   space 7168K, 0% used [0x00000000ec100000,0x00000000ec100000,0x00000000ec800000)
 ParOldGen       total 68608K, used 20131K [0x00000000c0000000, 0x00000000c4300000, 0x00000000eab00000)
  object space 68608K, 29% used [0x00000000c0000000,0x00000000c13a8d88,0x00000000c4300000)
 Metaspace       used 40491K, capacity 42608K, committed 43096K, reserved 1087488K
  class space    used 4401K, capacity 5182K, committed 5248K, reserved 1048576K
}
Event: 9.100 GC heap before
{Heap before GC invocations=13 (full 2):
 PSYoungGen      total 25088K, used 25056K [0x00000000eab00000, 0x00000000ecf00000, 0x0000000100000000)
  eden space 22528K, 100% used [0x00000000eab00000,0x00000000ec100000,0x00000000ec100000)
  from space 2560K, 98% used [0x00000000ec980000,0x00000000ecbf80a0,0x00000000ecc00000)
  to   space 7168K, 0% used [0x00000000ec100000,0x00000000ec100000,0x00000000ec800000)
 ParOldGen       total 68608K, used 20131K [0x00000000c0000000, 0x00000000c4300000, 0x00000000eab00000)
  object space 68608K, 29% used [0x00000000c0000000,0x00000000c13a8d88,0x00000000c4300000)
 Metaspace       used 40531K, capacity 42608K, committed 43096K, reserved 1087488K
  class space    used 4402K, capacity 5182K, committed 5248K, reserved 1048576K
}
Event: 9.111 GC heap after
{Heap after GC invocations=13 (full 2):
 PSYoungGen      total 24576K, used 2196K [0x00000000eab00000, 0x00000000eca00000, 0x0000000100000000)
  eden space 22016K, 0% used [0x00000000eab00000,0x00000000eab00000,0x00000000ec080000)
  from space 2560K, 85% used [0x00000000ec100000,0x00000000ec325188,0x00000000ec380000)
  to   space 4096K, 0% used [0x00000000ec600000,0x00000000ec600000,0x00000000eca00000)
 ParOldGen       total 68608K, used 22604K [0x00000000c0000000, 0x00000000c4300000, 0x00000000eab00000)
  object space 68608K, 32% used [0x00000000c0000000,0x00000000c1613048,0x00000000c4300000)
 Metaspace       used 40531K, capacity 42608K, committed 43096K, reserved 1087488K
  class space    used 4402K, capacity 5182K, committed 5248K, reserved 1048576K
}
Event: 9.335 GC heap before
{Heap before GC invocations=14 (full 2):
 PSYoungGen      total 24576K, used 24212K [0x00000000eab00000, 0x00000000eca00000, 0x0000000100000000)
  eden space 22016K, 100% used [0x00000000eab00000,0x00000000ec080000,0x00000000ec080000)
  from space 2560K, 85% used [0x00000000ec100000,0x00000000ec325188,0x00000000ec380000)
  to   space 4096K, 0% used [0x00000000ec600000,0x00000000ec600000,0x00000000eca00000)
 ParOldGen       total 68608K, used 22604K [0x00000000c0000000, 0x00000000c4300000, 0x00000000eab00000)
  object space 68608K, 32% used [0x00000000c0000000,0x00000000c1613048,0x00000000c4300000)
 Metaspace       used 40653K, capacity 42768K, committed 43096K, reserved 1087488K
  class space    used 4413K, capacity 5214K, committed 5248K, reserved 1048576K
}
Event: 9.350 GC heap after
{Heap after GC invocations=14 (full 2):
 PSYoungGen      total 24576K, used 2400K [0x00000000eab00000, 0x00000000ec880000, 0x0000000100000000)
  eden space 22016K, 0% used [0x00000000eab00000,0x00000000eab00000,0x00000000ec080000)
  from space 2560K, 93% used [0x00000000ec600000,0x00000000ec858010,0x00000000ec880000)
  to   space 3072K, 0% used [0x00000000ec280000,0x00000000ec280000,0x00000000ec580000)
 ParOldGen       total 68608K, used 24768K [0x00000000c0000000, 0x00000000c4300000, 0x00000000eab00000)
  object space 68608K, 36% used [0x00000000c0000000,0x00000000c18301d0,0x00000000c4300000)
 Metaspace       used 40653K, capacity 42768K, committed 43096K, reserved 1087488K
  class space    used 4413K, capacity 5214K, committed 5248K, reserved 1048576K
}
Event: 9.502 GC heap before
{Heap before GC invocations=15 (full 2):
 PSYoungGen      total 24576K, used 24416K [0x00000000eab00000, 0x00000000ec880000, 0x0000000100000000)
  eden space 22016K, 100% used [0x00000000eab00000,0x00000000ec080000,0x00000000ec080000)
  from space 2560K, 93% used [0x00000000ec600000,0x00000000ec858010,0x00000000ec880000)
  to   space 3072K, 0% used [0x00000000ec280000,0x00000000ec280000,0x00000000ec580000)
 ParOldGen       total 68608K, used 24768K [0x00000000c0000000, 0x00000000c4300000, 0x00000000eab00000)
  object space 68608K, 36% used [0x00000000c0000000,0x00000000c18301d0,0x00000000c4300000)
 Metaspace       used 40656K, capacity 42769K, committed 43096K, reserved 1087488K
  class space    used 4413K, capacity 5214K, committed 5248K, reserved 1048576K
}
Event: 9.514 GC heap after
{Heap after GC invocations=15 (full 2):
 PSYoungGen      total 24576K, used 2464K [0x00000000eab00000, 0x00000000ec680000, 0x0000000100000000)
  eden space 22016K, 0% used [0x00000000eab00000,0x00000000eab00000,0x00000000ec080000)
  from space 2560K, 96% used [0x00000000ec280000,0x00000000ec4e8010,0x00000000ec500000)
  to   space 1536K, 0% used [0x00000000ec500000,0x00000000ec500000,0x00000000ec680000)
 ParOldGen       total 68608K, used 27109K [0x00000000c0000000, 0x00000000c4300000, 0x00000000eab00000)
  object space 68608K, 39% used [0x00000000c0000000,0x00000000c1a79538,0x00000000c4300000)
 Metaspace       used 40656K, capacity 42769K, committed 43096K, reserved 1087488K
  class space    used 4413K, capacity 5214K, committed 5248K, reserved 1048576K
}
Event: 9.652 GC heap before
{Heap before GC invocations=16 (full 2):
 PSYoungGen      total 24576K, used 24480K [0x00000000eab00000, 0x00000000ec680000, 0x0000000100000000)
  eden space 22016K, 100% used [0x00000000eab00000,0x00000000ec080000,0x00000000ec080000)
  from space 2560K, 96% used [0x00000000ec280000,0x00000000ec4e8010,0x00000000ec500000)
  to   space 1536K, 0% used [0x00000000ec500000,0x00000000ec500000,0x00000000ec680000)
 ParOldGen       total 68608K, used 27109K [0x00000000c0000000, 0x00000000c4300000, 0x00000000eab00000)
  object space 68608K, 39% used [0x00000000c0000000,0x00000000c1a79538,0x00000000c4300000)
 Metaspace       used 40657K, capacity 42769K, committed 43096K, reserved 1087488K
  class space    used 4413K, capacity 5214K, committed 5248K, reserved 1048576K
}
Event: 9.663 GC heap after
{Heap after GC invocations=16 (full 2):
 PSYoungGen      total 23040K, used 1536K [0x00000000eab00000, 0x00000000eca80000, 0x0000000100000000)
  eden space 21504K, 0% used [0x00000000eab00000,0x00000000eab00000,0x00000000ec000000)
  from space 1536K, 100% used [0x00000000ec500000,0x00000000ec680000,0x00000000ec680000)
  to   space 5120K, 0% used [0x00000000ec000000,0x00000000ec000000,0x00000000ec500000)
 ParOldGen       total 68608K, used 30237K [0x00000000c0000000, 0x00000000c4300000, 0x00000000eab00000)
  object space 68608K, 44% used [0x00000000c0000000,0x00000000c1d87548,0x00000000c4300000)
 Metaspace       used 40657K, capacity 42769K, committed 43096K, reserved 1087488K
  class space    used 4413K, capacity 5214K, committed 5248K, reserved 1048576K
}
Event: 10.064 GC heap before
{Heap before GC invocations=17 (full 2):
 PSYoungGen      total 23040K, used 23040K [0x00000000eab00000, 0x00000000eca80000, 0x0000000100000000)
  eden space 21504K, 100% used [0x00000000eab00000,0x00000000ec000000,0x00000000ec000000)
  from space 1536K, 100% used [0x00000000ec500000,0x00000000ec680000,0x00000000ec680000)
  to   space 5120K, 0% used [0x00000000ec000000,0x00000000ec000000,0x00000000ec500000)
 ParOldGen       total 68608K, used 30237K [0x00000000c0000000, 0x00000000c4300000, 0x00000000eab00000)
  object space 68608K, 44% used [0x00000000c0000000,0x00000000c1d87548,0x00000000c4300000)
 Metaspace       used 41729K, capacity 43748K, committed 44248K, reserved 1087488K
  class space    used 4501K, capacity 5284K, committed 5376K, reserved 1048576K
}
Event: 10.075 GC heap after
{Heap after GC invocations=17 (full 2):
 PSYoungGen      total 24064K, used 2551K [0x00000000eab00000, 0x00000000ec700000, 0x0000000100000000)
  eden space 21504K, 0% used [0x00000000eab00000,0x00000000eab00000,0x00000000ec000000)
  from space 2560K, 99% used [0x00000000ec000000,0x00000000ec27dca0,0x00000000ec280000)
  to   space 3584K, 0% used [0x00000000ec380000,0x00000000ec380000,0x00000000ec700000)
 ParOldGen       total 68608K, used 31795K [0x00000000c0000000, 0x00000000c4300000, 0x00000000eab00000)
  object space 68608K, 46% used [0x00000000c0000000,0x00000000c1f0cdc8,0x00000000c4300000)
 Metaspace       used 41729K, capacity 43748K, committed 44248K, reserved 1087488K
  class space    used 4501K, capacity 5284K, committed 5376K, reserved 1048576K
}

