# JRE version: OpenJDK Runtime Environment (14.0.1+7) (build 14.0.1+7-Ubuntu-1ubuntu1)
# Java VM: OpenJDK 64-Bit Server VM (14.0.1+7-Ubuntu-1ubuntu1, mixed mode, sharing, tiered, compressed oops, parallel gc, linux-amd64)
Heap:
 PSYoungGen      total 27648K, used 23643K [0x00000000eab00000, 0x00000000ecc80000, 0x0000000100000000)
  eden space 23040K, 84% used [0x00000000eab00000,0x00000000ebe01f80,0x00000000ec180000)
  from space 4608K, 90% used [0x00000000ec580000,0x00000000ec994f60,0x00000000eca00000)
  to   space 2560K, 0% used [0x00000000eca00000,0x00000000eca00000,0x00000000ecc80000)
 ParOldGen       total 68608K, used 16570K [0x00000000c0000000, 0x00000000c4300000, 0x00000000eab00000)
  object space 68608K, 24% used [0x00000000c0000000,0x00000000c102e9c8,0x00000000c4300000)
 Metaspace       used 40576K, capacity 42569K, committed 42840K, reserved 1087488K
  class space    used 4409K, capacity 5188K, committed 5248K, reserved 1048576K
GC Heap History (20 events):
Event: 3.016 GC heap before
{Heap before GC invocations=2 (full 0):
 PSYoungGen      total 29696K, used 29670K [0x00000000eab00000, 0x00000000ecc00000, 0x0000000100000000)
  eden space 25600K, 100% used [0x00000000eab00000,0x00000000ec400000,0x00000000ec400000)
  from space 4096K, 99% used [0x00000000ec400000,0x00000000ec7f9ba8,0x00000000ec800000)
  to   space 4096K, 0% used [0x00000000ec800000,0x00000000ec800000,0x00000000ecc00000)
 ParOldGen       total 68608K, used 318K [0x00000000c0000000, 0x00000000c4300000, 0x00000000eab00000)
  object space 68608K, 0% used [0x00000000c0000000,0x00000000c004f810,0x00000000c4300000)
 Metaspace       used 18004K, capacity 19001K, committed 19456K, reserved 1067008K
  class space    used 1662K, capacity 2012K, committed 2048K, reserved 1048576K
}
Event: 3.033 GC heap after
{Heap after GC invocations=2 (full 0):
 PSYoungGen      total 29696K, used 4074K [0x00000000eab00000, 0x00000000ecc00000, 0x0000000100000000)
  eden space 25600K, 0% used [0x00000000eab00000,0x00000000eab00000,0x00000000ec400000)
  from space 4096K, 99% used [0x00000000ec800000,0x00000000ecbfaa50,0x00000000ecc00000)
  to   space 4096K, 0% used [0x00000000ec400000,0x00000000ec400000,0x00000000ec800000)
 ParOldGen       total 68608K, used 3067K [0x00000000c0000000, 0x00000000c4300000, 0x00000000eab00000)
  object space 68608K, 4% used [0x00000000c0000000,0x00000000c02fef78,0x00000000c4300000)
 Metaspace       used 18004K, capacity 19001K, committed 19456K, reserved 1067008K
  class space    used 1662K, capacity 2012K, committed 2048K, reserved 1048576K
}
Event: 3.412 GC heap before
{Heap before GC invocations=3 (full 0):
 PSYoungGen      total 29696K, used 16101K [0x00000000eab00000, 0x00000000ecc00000, 0x0000000100000000)
  eden space 25600K, 46% used [0x00000000eab00000,0x00000000eb6bed48,0x00000000ec400000)
  from space 4096K, 99% used [0x00000000ec800000,0x00000000ecbfaa50,0x00000000ecc00000)
  to   space 4096K, 0% used [0x00000000ec400000,0x00000000ec400000,0x00000000ec800000)
 ParOldGen       total 68608K, used 3067K [0x00000000c0000000, 0x00000000c4300000, 0x00000000eab00000)
  object space 68608K, 4% used [0x00000000c0000000,0x00000000c02fef78,0x00000000c4300000)
 Metaspace       used 20149K, capacity 21066K, committed 21248K, reserved 1069056K
  class space    used 1877K, capacity 2280K, committed 2304K, reserved 1048576K
}
Event: 3.421 GC heap after
{Heap after GC invocations=3 (full 0):
 PSYoungGen      total 29696K, used 4093K [0x00000000eab00000, 0x00000000ecc00000, 0x0000000100000000)
  eden space 25600K, 0% used [0x00000000eab00000,0x00000000eab00000,0x00000000ec400000)
  from space 4096K, 99% used [0x00000000ec400000,0x00000000ec7ff650,0x00000000ec800000)
  to   space 4096K, 0% used [0x00000000ec800000,0x00000000ec800000,0x00000000ecc00000)
 ParOldGen       total 68608K, used 4528K [0x00000000c0000000, 0x00000000c4300000, 0x00000000eab00000)
  object space 68608K, 6% used [0x00000000c0000000,0x00000000c046c2d8,0x00000000c4300000)
 Metaspace       used 20149K, capacity 21066K, committed 21248K, reserved 1069056K
  class space    used 1877K, capacity 2280K, committed 2304K, reserved 1048576K
}
Event: 3.421 GC heap before
{Heap before GC invocations=4 (full 1):
 PSYoungGen      total 29696K, used 4093K [0x00000000eab00000, 0x00000000ecc00000, 0x0000000100000000)
  eden space 25600K, 0% used [0x00000000eab00000,0x00000000eab00000,0x00000000ec400000)
  from space 4096K, 99% used [0x00000000ec400000,0x00000000ec7ff650,0x00000000ec800000)
  to   space 4096K, 0% used [0x00000000ec800000,0x00000000ec800000,0x00000000ecc00000)
 ParOldGen       total 68608K, used 4528K [0x00000000c0000000, 0x00000000c4300000, 0x00000000eab00000)
  object space 68608K, 6% used [0x00000000c0000000,0x00000000c046c2d8,0x00000000c4300000)
 Metaspace       used 20149K, capacity 21066K, committed 21248K, reserved 1069056K
  class space    used 1877K, capacity 2280K, committed 2304K, reserved 1048576K
}
Event: 3.477 GC heap after
{Heap after GC invocations=4 (full 1):
 PSYoungGen      total 29696K, used 0K [0x00000000eab00000, 0x00000000ecc00000, 0x0000000100000000)
  eden space 25600K, 0% used [0x00000000eab00000,0x00000000eab00000,0x00000000ec400000)
  from space 4096K, 0% used [0x00000000ec400000,0x00000000ec400000,0x00000000ec800000)
  to   space 4096K, 0% used [0x00000000ec800000,0x00000000ec800000,0x00000000ecc00000)
 ParOldGen       total 68608K, used 8423K [0x00000000c0000000, 0x00000000c4300000, 0x00000000eab00000)
  object space 68608K, 12% used [0x00000000c0000000,0x00000000c0839cc0,0x00000000c4300000)
 Metaspace       used 20149K, capacity 21066K, committed 21248K, reserved 1069056K
  class space    used 1877K, capacity 2280K, committed 2304K, reserved 1048576K
}
Event: 4.442 GC heap before
{Heap before GC invocations=5 (full 1):
 PSYoungGen      total 29696K, used 25600K [0x00000000eab00000, 0x00000000ecc00000, 0x0000000100000000)
  eden space 25600K, 100% used [0x00000000eab00000,0x00000000ec400000,0x00000000ec400000)
  from space 4096K, 0% used [0x00000000ec400000,0x00000000ec400000,0x00000000ec800000)
  to   space 4096K, 0% used [0x00000000ec800000,0x00000000ec800000,0x00000000ecc00000)
 ParOldGen       total 68608K, used 8423K [0x00000000c0000000, 0x00000000c4300000, 0x00000000eab00000)
  object space 68608K, 12% used [0x00000000c0000000,0x00000000c0839cc0,0x00000000c4300000)
 Metaspace       used 23885K, capacity 25151K, committed 25472K, reserved 1071104K
  class space    used 2416K, capacity 2881K, committed 2944K, reserved 1048576K
}
Event: 4.447 GC heap after
{Heap after GC invocations=5 (full 1):
 PSYoungGen      total 29696K, used 2236K [0x00000000eab00000, 0x00000000ecc00000, 0x0000000100000000)
  eden space 25600K, 0% used [0x00000000eab00000,0x00000000eab00000,0x00000000ec400000)
  from space 4096K, 54% used [0x00000000ec800000,0x00000000eca2f228,0x00000000ecc00000)
  to   space 4096K, 0% used [0x00000000ec400000,0x00000000ec400000,0x00000000ec800000)
 ParOldGen       total 68608K, used 8431K [0x00000000c0000000, 0x00000000c4300000, 0x00000000eab00000)
  object space 68608K, 12% used [0x00000000c0000000,0x00000000c083bcc0,0x00000000c4300000)
 Metaspace       used 23885K, capacity 25151K, committed 25472K, reserved 1071104K
  class space    used 2416K, capacity 2881K, committed 2944K, reserved 1048576K
}
Event: 5.350 GC heap before
{Heap before GC invocations=6 (full 1):
 PSYoungGen      total 29696K, used 27836K [0x00000000eab00000, 0x00000000ecc00000, 0x0000000100000000)
  eden space 25600K, 100% used [0x00000000eab00000,0x00000000ec400000,0x00000000ec400000)
  from space 4096K, 54% used [0x00000000ec800000,0x00000000eca2f228,0x00000000ecc00000)
  to   space 4096K, 0% used [0x00000000ec400000,0x00000000ec400000,0x00000000ec800000)
 ParOldGen       total 68608K, used 8431K [0x00000000c0000000, 0x00000000c4300000, 0x00000000eab00000)
  object space 68608K, 12% used [0x00000000c0000000,0x00000000c083bcc0,0x00000000c4300000)
 Metaspace       used 27997K, capacity 29265K, committed 29312K, reserved 1075200K
  class space    used 2953K, capacity 3440K, committed 3456K, reserved 1048576K
}
Event: 5.357 GC heap after
{Heap after GC invocations=6 (full 1):
 PSYoungGen      total 29184K, used 3970K [0x00000000eab00000, 0x00000000ecc80000, 0x0000000100000000)
  eden space 25088K, 0% used [0x00000000eab00000,0x00000000eab00000,0x00000000ec380000)
  from space 4096K, 96% used [0x00000000ec400000,0x00000000ec7e08c0,0x00000000ec800000)
  to   space 4608K, 0% used [0x00000000ec800000,0x00000000ec800000,0x00000000ecc80000)
 ParOldGen       total 68608K, used 8439K [0x00000000c0000000, 0x00000000c4300000, 0x00000000eab00000)
  object space 68608K, 12% used [0x00000000c0000000,0x00000000c083dcc0,0x00000000c4300000)
 Metaspace       used 27997K, capacity 29265K, committed 29312K, reserved 1075200K
  class space    used 2953K, capacity 3440K, committed 3456K, reserved 1048576K
}
Event: 6.004 GC heap before
{Heap before GC invocations=7 (full 1):
 PSYoungGen      total 29184K, used 29058K [0x00000000eab00000, 0x00000000ecc80000, 0x0000000100000000)
  eden space 25088K, 100% used [0x00000000eab00000,0x00000000ec380000,0x00000000ec380000)
  from space 4096K, 96% used [0x00000000ec400000,0x00000000ec7e08c0,0x00000000ec800000)
  to   space 4608K, 0% used [0x00000000ec800000,0x00000000ec800000,0x00000000ecc80000)
 ParOldGen       total 68608K, used 8439K [0x00000000c0000000, 0x00000000c4300000, 0x00000000eab00000)
  object space 68608K, 12% used [0x00000000c0000000,0x00000000c083dcc0,0x00000000c4300000)
 Metaspace       used 29398K, capacity 30825K, committed 31104K, reserved 1077248K
  class space    used 3098K, capacity 3663K, committed 3712K, reserved 1048576K
}
Event: 6.015 GC heap after
{Heap after GC invocations=7 (full 1):
 PSYoungGen      total 28672K, used 4605K [0x00000000eab00000, 0x00000000ece00000, 0x0000000100000000)
  eden space 24064K, 0% used [0x00000000eab00000,0x00000000eab00000,0x00000000ec280000)
  from space 4608K, 99% used [0x00000000ec800000,0x00000000ecc7f790,0x00000000ecc80000)
  to   space 5632K, 0% used [0x00000000ec280000,0x00000000ec280000,0x00000000ec800000)
 ParOldGen       total 68608K, used 8779K [0x00000000c0000000, 0x00000000c4300000, 0x00000000eab00000)
  object space 68608K, 12% used [0x00000000c0000000,0x00000000c0892cf0,0x00000000c4300000)
 Metaspace       used 29398K, capacity 30825K, committed 31104K, reserved 1077248K
  class space    used 3098K, capacity 3663K, committed 3712K, reserved 1048576K
}
Event: 6.843 GC heap before
{Heap before GC invocations=8 (full 1):
 PSYoungGen      total 28672K, used 20163K [0x00000000eab00000, 0x00000000ece00000, 0x0000000100000000)
  eden space 24064K, 64% used [0x00000000eab00000,0x00000000eba31560,0x00000000ec280000)
  from space 4608K, 99% used [0x00000000ec800000,0x00000000ecc7f790,0x00000000ecc80000)
  to   space 5632K, 0% used [0x00000000ec280000,0x00000000ec280000,0x00000000ec800000)
 ParOldGen       total 68608K, used 8779K [0x00000000c0000000, 0x00000000c4300000, 0x00000000eab00000)
  object space 68608K, 12% used [0x00000000c0000000,0x00000000c0892cf0,0x00000000c4300000)
 Metaspace       used 33514K, capacity 35183K, committed 35416K, reserved 1081344K
  class space    used 3578K, capacity 4218K, committed 4224K, reserved 1048576K
}
Event: 6.856 GC heap after
{Heap after GC invocations=8 (full 1):
 PSYoungGen      total 29696K, used 5608K [0x00000000eab00000, 0x00000000ed500000, 0x0000000100000000)
  eden space 24064K, 0% used [0x00000000eab00000,0x00000000eab00000,0x00000000ec280000)
  from space 5632K, 99% used [0x00000000ec280000,0x00000000ec7fa028,0x00000000ec800000)
  to   space 9216K, 0% used [0x00000000ecc00000,0x00000000ecc00000,0x00000000ed500000)
 ParOldGen       total 68608K, used 11337K [0x00000000c0000000, 0x00000000c4300000, 0x00000000eab00000)
  object space 68608K, 16% used [0x00000000c0000000,0x00000000c0b125a0,0x00000000c4300000)
 Metaspace       used 33514K, capacity 35183K, committed 35416K, reserved 1081344K
  class space    used 3578K, capacity 4218K, committed 4224K, reserved 1048576K
}
Event: 6.856 GC heap before
{Heap before GC invocations=9 (full 2):
 PSYoungGen      total 29696K, used 5608K [0x00000000eab00000, 0x00000000ed500000, 0x0000000100000000)
  eden space 24064K, 0% used [0x00000000eab00000,0x00000000eab00000,0x00000000ec280000)
  from space 5632K, 99% used [0x00000000ec280000,0x00000000ec7fa028,0x00000000ec800000)
  to   space 9216K, 0% used [0x00000000ecc00000,0x00000000ecc00000,0x00000000ed500000)
 ParOldGen       total 68608K, used 11337K [0x00000000c0000000, 0x00000000c4300000, 0x00000000eab00000)
  object space 68608K, 16% used [0x00000000c0000000,0x00000000c0b125a0,0x00000000c4300000)
 Metaspace       used 33514K, capacity 35183K, committed 35416K, reserved 1081344K
  class space    used 3578K, capacity 4218K, committed 4224K, reserved 1048576K
}
Event: 6.941 GC heap after
{Heap after GC invocations=9 (full 2):
 PSYoungGen      total 29696K, used 0K [0x00000000eab00000, 0x00000000ed500000, 0x0000000100000000)
  eden space 24064K, 0% used [0x00000000eab00000,0x00000000eab00000,0x00000000ec280000)
  from space 5632K, 0% used [0x00000000ec280000,0x00000000ec280000,0x00000000ec800000)
  to   space 9216K, 0% used [0x00000000ecc00000,0x00000000ecc00000,0x00000000ed500000)
 ParOldGen       total 68608K, used 16554K [0x00000000c0000000, 0x00000000c4300000, 0x00000000eab00000)
  object space 68608K, 24% used [0x00000000c0000000,0x00000000c102a9c8,0x00000000c4300000)
 Metaspace       used 33514K, capacity 35183K, committed 35416K, reserved 1081344K
  class space    used 3578K, capacity 4218K, committed 4224K, reserved 1048576K
}
Event: 7.808 GC heap before
{Heap before GC invocations=10 (full 2):
 PSYoungGen      total 29696K, used 24063K [0x00000000eab00000, 0x00000000ed500000, 0x0000000100000000)
  eden space 24064K, 99% used [0x00000000eab00000,0x00000000ec27ffe0,0x00000000ec280000)
  from space 5632K, 0% used [0x00000000ec280000,0x00000000ec280000,0x00000000ec800000)
  to   space 9216K, 0% used [0x00000000ecc00000,0x00000000ecc00000,0x00000000ed500000)
 ParOldGen       total 68608K, used 16554K [0x00000000c0000000, 0x00000000c4300000, 0x00000000eab00000)
  object space 68608K, 24% used [0x00000000c0000000,0x00000000c102a9c8,0x00000000c4300000)
 Metaspace       used 37379K, capacity 39441K, committed 39640K, reserved 1083392K
  class space    used 4045K, capacity 4811K, committed 4864K, reserved 1048576K
}
Event: 7.815 GC heap after
{Heap after GC invocations=10 (full 2):
 PSYoungGen      total 26112K, used 2241K [0x00000000eab00000, 0x00000000ece80000, 0x0000000100000000)
  eden space 23552K, 0% used [0x00000000eab00000,0x00000000eab00000,0x00000000ec200000)
  from space 2560K, 87% used [0x00000000ecc00000,0x00000000ece304b0,0x00000000ece80000)
  to   space 4608K, 0% used [0x00000000ec580000,0x00000000ec580000,0x00000000eca00000)
 ParOldGen       total 68608K, used 16562K [0x00000000c0000000, 0x00000000c4300000, 0x00000000eab00000)
  object space 68608K, 24% used [0x00000000c0000000,0x00000000c102c9c8,0x00000000c4300000)
 Metaspace       used 37379K, capacity 39441K, committed 39640K, reserved 1083392K
  class space    used 4045K, capacity 4811K, committed 4864K, reserved 1048576K
}
Event: 8.479 GC heap before
{Heap before GC invocations=11 (full 2):
 PSYoungGen      total 26112K, used 25793K [0x00000000eab00000, 0x00000000ece80000, 0x0000000100000000)
  eden space 23552K, 100% used [0x00000000eab00000,0x00000000ec200000,0x00000000ec200000)
  from space 2560K, 87% used [0x00000000ecc00000,0x00000000ece304b0,0x00000000ece80000)
  to   space 4608K, 0% used [0x00000000ec580000,0x00000000ec580000,0x00000000eca00000)
 ParOldGen       total 68608K, used 16562K [0x00000000c0000000, 0x00000000c4300000, 0x00000000eab00000)
  object space 68608K, 24% used [0x00000000c0000000,0x00000000c102c9c8,0x00000000c4300000)
 Metaspace       used 40342K, capacity 42406K, committed 42840K, reserved 1087488K
  class space    used 4383K, capacity 5178K, committed 5248K, reserved 1048576K
}
Event: 8.487 GC heap after
{Heap after GC invocations=11 (full 2):
 PSYoungGen      total 27648K, used 4179K [0x00000000eab00000, 0x00000000ecc80000, 0x0000000100000000)
  eden space 23040K, 0% used [0x00000000eab00000,0x00000000eab00000,0x00000000ec180000)
  from space 4608K, 90% used [0x00000000ec580000,0x00000000ec994f60,0x00000000eca00000)
  to   space 2560K, 0% used [0x00000000eca00000,0x00000000eca00000,0x00000000ecc80000)
 ParOldGen       total 68608K, used 16570K [0x00000000c0000000, 0x00000000c4300000, 0x00000000eab00000)
  object space 68608K, 24% used [0x00000000c0000000,0x00000000c102e9c8,0x00000000c4300000)
 Metaspace       used 40342K, capacity 42406K, committed 42840K, reserved 1087488K
  class space    used 4383K, capacity 5178K, committed 5248K, reserved 1048576K
}

