# JRE version: OpenJDK Runtime Environment (14.0.1+7) (build 14.0.1+7-Ubuntu-1ubuntu1)
# Java VM: OpenJDK 64-Bit Server VM (14.0.1+7-Ubuntu-1ubuntu1, mixed mode, sharing, tiered, compressed oops, parallel gc, linux-amd64)
Heap:
 PSYoungGen      total 8192K, used 2946K [0x00000000eab00000, 0x00000000eb700000, 0x0000000100000000)
  eden space 6656K, 23% used [0x00000000eab00000,0x00000000eac888f0,0x00000000eb180000)
  from space 1536K, 89% used [0x00000000eb580000,0x00000000eb6d8000,0x00000000eb700000)
  to   space 2048K, 0% used [0x00000000eb300000,0x00000000eb300000,0x00000000eb500000)
 ParOldGen       total 100352K, used 74406K [0x00000000c0000000, 0x00000000c6200000, 0x00000000eab00000)
  object space 100352K, 74% used [0x00000000c0000000,0x00000000c48a9b50,0x00000000c6200000)
 Metaspace       used 75463K, capacity 78263K, committed 78552K, reserved 1120256K
  class space    used 7555K, capacity 8625K, committed 8704K, reserved 1048576K
GC Heap History (20 events):
Event: 519.763 GC heap before
{Heap before GC invocations=1116 (full 23):
 PSYoungGen      total 5120K, used 5120K [0x00000000eab00000, 0x00000000eba00000, 0x0000000100000000)
  eden space 4608K, 100% used [0x00000000eab00000,0x00000000eaf80000,0x00000000eaf80000)
  from space 512K, 100% used [0x00000000eb380000,0x00000000eb400000,0x00000000eb400000)
  to   space 4096K, 0% used [0x00000000eaf80000,0x00000000eaf80000,0x00000000eb380000)
 ParOldGen       total 97280K, used 84680K [0x00000000c0000000, 0x00000000c5f00000, 0x00000000eab00000)
  object space 97280K, 87% used [0x00000000c0000000,0x00000000c52b2200,0x00000000c5f00000)
 Metaspace       used 75463K, capacity 78263K, committed 78552K, reserved 1120256K
  class space    used 7555K, capacity 8625K, committed 8704K, reserved 1048576K
}
Event: 519.771 GC heap after
{Heap after GC invocations=1116 (full 23):
 PSYoungGen      total 7168K, used 2304K [0x00000000eab00000, 0x00000000eb580000, 0x0000000100000000)
  eden space 4608K, 0% used [0x00000000eab00000,0x00000000eab00000,0x00000000eaf80000)
  from space 2560K, 90% used [0x00000000eaf80000,0x00000000eb1c0000,0x00000000eb200000)
  to   space 3072K, 0% used [0x00000000eb280000,0x00000000eb280000,0x00000000eb580000)
 ParOldGen       total 97280K, used 85199K [0x00000000c0000000, 0x00000000c5f00000, 0x00000000eab00000)
  object space 97280K, 87% used [0x00000000c0000000,0x00000000c5333f58,0x00000000c5f00000)
 Metaspace       used 75463K, capacity 78263K, committed 78552K, reserved 1120256K
  class space    used 7555K, capacity 8625K, committed 8704K, reserved 1048576K
}
Event: 519.781 GC heap before
{Heap before GC invocations=1117 (full 23):
 PSYoungGen      total 7168K, used 6912K [0x00000000eab00000, 0x00000000eb580000, 0x0000000100000000)
  eden space 4608K, 100% used [0x00000000eab00000,0x00000000eaf80000,0x00000000eaf80000)
  from space 2560K, 90% used [0x00000000eaf80000,0x00000000eb1c0000,0x00000000eb200000)
  to   space 3072K, 0% used [0x00000000eb280000,0x00000000eb280000,0x00000000eb580000)
 ParOldGen       total 97280K, used 85199K [0x00000000c0000000, 0x00000000c5f00000, 0x00000000eab00000)
  object space 97280K, 87% used [0x00000000c0000000,0x00000000c5333f58,0x00000000c5f00000)
 Metaspace       used 75463K, capacity 78263K, committed 78552K, reserved 1120256K
  class space    used 7555K, capacity 8625K, committed 8704K, reserved 1048576K
}
Event: 519.787 GC heap after
{Heap after GC invocations=1117 (full 23):
 PSYoungGen      total 7680K, used 1024K [0x00000000eab00000, 0x00000000eb480000, 0x0000000100000000)
  eden space 5632K, 0% used [0x00000000eab00000,0x00000000eab00000,0x00000000eb080000)
  from space 2048K, 50% used [0x00000000eb280000,0x00000000eb380000,0x00000000eb480000)
  to   space 2048K, 0% used [0x00000000eb080000,0x00000000eb080000,0x00000000eb280000)
 ParOldGen       total 97280K, used 87482K [0x00000000c0000000, 0x00000000c5f00000, 0x00000000eab00000)
  object space 97280K, 89% used [0x00000000c0000000,0x00000000c556e878,0x00000000c5f00000)
 Metaspace       used 75463K, capacity 78263K, committed 78552K, reserved 1120256K
  class space    used 7555K, capacity 8625K, committed 8704K, reserved 1048576K
}
Event: 519.799 GC heap before
{Heap before GC invocations=1118 (full 23):
 PSYoungGen      total 7680K, used 6656K [0x00000000eab00000, 0x00000000eb480000, 0x0000000100000000)
  eden space 5632K, 100% used [0x00000000eab00000,0x00000000eb080000,0x00000000eb080000)
  from space 2048K, 50% used [0x00000000eb280000,0x00000000eb380000,0x00000000eb480000)
  to   space 2048K, 0% used [0x00000000eb080000,0x00000000eb080000,0x00000000eb280000)
 ParOldGen       total 97280K, used 87482K [0x00000000c0000000, 0x00000000c5f00000, 0x00000000eab00000)
  object space 97280K, 89% used [0x00000000c0000000,0x00000000c556e878,0x00000000c5f00000)
 Metaspace       used 75463K, capacity 78263K, committed 78552K, reserved 1120256K
  class space    used 7555K, capacity 8625K, committed 8704K, reserved 1048576K
}
Event: 519.804 GC heap after
{Heap after GC invocations=1118 (full 23):
 PSYoungGen      total 7680K, used 1248K [0x00000000eab00000, 0x00000000eb500000, 0x0000000100000000)
  eden space 5632K, 0% used [0x00000000eab00000,0x00000000eab00000,0x00000000eb080000)
  from space 2048K, 60% used [0x00000000eb080000,0x00000000eb1b8000,0x00000000eb280000)
  to   space 1536K, 0% used [0x00000000eb380000,0x00000000eb380000,0x00000000eb500000)
 ParOldGen       total 97280K, used 88474K [0x00000000c0000000, 0x00000000c5f00000, 0x00000000eab00000)
  object space 97280K, 90% used [0x00000000c0000000,0x00000000c5666878,0x00000000c5f00000)
 Metaspace       used 75463K, capacity 78263K, committed 78552K, reserved 1120256K
  class space    used 7555K, capacity 8625K, committed 8704K, reserved 1048576K
}
Event: 519.832 GC heap before
{Heap before GC invocations=1119 (full 23):
 PSYoungGen      total 7680K, used 6880K [0x00000000eab00000, 0x00000000eb500000, 0x0000000100000000)
  eden space 5632K, 100% used [0x00000000eab00000,0x00000000eb080000,0x00000000eb080000)
  from space 2048K, 60% used [0x00000000eb080000,0x00000000eb1b8000,0x00000000eb280000)
  to   space 1536K, 0% used [0x00000000eb380000,0x00000000eb380000,0x00000000eb500000)
 ParOldGen       total 97280K, used 88474K [0x00000000c0000000, 0x00000000c5f00000, 0x00000000eab00000)
  object space 97280K, 90% used [0x00000000c0000000,0x00000000c5666878,0x00000000c5f00000)
 Metaspace       used 75463K, capacity 78263K, committed 78552K, reserved 1120256K
  class space    used 7555K, capacity 8625K, committed 8704K, reserved 1048576K
}
Event: 519.838 GC heap after
{Heap after GC invocations=1119 (full 23):
 PSYoungGen      total 8704K, used 1194K [0x00000000eab00000, 0x00000000eb500000, 0x0000000100000000)
  eden space 7168K, 0% used [0x00000000eab00000,0x00000000eab00000,0x00000000eb200000)
  from space 1536K, 77% used [0x00000000eb380000,0x00000000eb4aa800,0x00000000eb500000)
  to   space 1536K, 0% used [0x00000000eb200000,0x00000000eb200000,0x00000000eb380000)
 ParOldGen       total 97280K, used 89634K [0x00000000c0000000, 0x00000000c5f00000, 0x00000000eab00000)
  object space 97280K, 92% used [0x00000000c0000000,0x00000000c5788878,0x00000000c5f00000)
 Metaspace       used 75463K, capacity 78263K, committed 78552K, reserved 1120256K
  class space    used 7555K, capacity 8625K, committed 8704K, reserved 1048576K
}
Event: 519.886 GC heap before
{Heap before GC invocations=1120 (full 23):
 PSYoungGen      total 8704K, used 8362K [0x00000000eab00000, 0x00000000eb500000, 0x0000000100000000)
  eden space 7168K, 100% used [0x00000000eab00000,0x00000000eb200000,0x00000000eb200000)
  from space 1536K, 77% used [0x00000000eb380000,0x00000000eb4aa800,0x00000000eb500000)
  to   space 1536K, 0% used [0x00000000eb200000,0x00000000eb200000,0x00000000eb380000)
 ParOldGen       total 97280K, used 89634K [0x00000000c0000000, 0x00000000c5f00000, 0x00000000eab00000)
  object space 97280K, 92% used [0x00000000c0000000,0x00000000c5788878,0x00000000c5f00000)
 Metaspace       used 75463K, capacity 78263K, committed 78552K, reserved 1120256K
  class space    used 7555K, capacity 8625K, committed 8704K, reserved 1048576K
}
Event: 519.889 GC heap after
{Heap after GC invocations=1120 (full 23):
 PSYoungGen      total 7680K, used 128K [0x00000000eab00000, 0x00000000eb400000, 0x0000000100000000)
  eden space 7168K, 0% used [0x00000000eab00000,0x00000000eab00000,0x00000000eb200000)
  from space 512K, 25% used [0x00000000eb200000,0x00000000eb220000,0x00000000eb280000)
  to   space 1024K, 0% used [0x00000000eb300000,0x00000000eb300000,0x00000000eb400000)
 ParOldGen       total 97280K, used 90748K [0x00000000c0000000, 0x00000000c5f00000, 0x00000000eab00000)
  object space 97280K, 93% used [0x00000000c0000000,0x00000000c589f180,0x00000000c5f00000)
 Metaspace       used 75463K, capacity 78263K, committed 78552K, reserved 1120256K
  class space    used 7555K, capacity 8625K, committed 8704K, reserved 1048576K
}
Event: 520.874 GC heap before
{Heap before GC invocations=1121 (full 23):
 PSYoungGen      total 7680K, used 7296K [0x00000000eab00000, 0x00000000eb400000, 0x0000000100000000)
  eden space 7168K, 100% used [0x00000000eab00000,0x00000000eb200000,0x00000000eb200000)
  from space 512K, 25% used [0x00000000eb200000,0x00000000eb220000,0x00000000eb280000)
  to   space 1024K, 0% used [0x00000000eb300000,0x00000000eb300000,0x00000000eb400000)
 ParOldGen       total 97280K, used 90748K [0x00000000c0000000, 0x00000000c5f00000, 0x00000000eab00000)
  object space 97280K, 93% used [0x00000000c0000000,0x00000000c589f180,0x00000000c5f00000)
 Metaspace       used 75463K, capacity 78263K, committed 78552K, reserved 1120256K
  class space    used 7555K, capacity 8625K, committed 8704K, reserved 1048576K
}
Event: 520.878 GC heap after
{Heap after GC invocations=1121 (full 23):
 PSYoungGen      total 7680K, used 1008K [0x00000000eab00000, 0x00000000eb500000, 0x0000000100000000)
  eden space 6656K, 0% used [0x00000000eab00000,0x00000000eab00000,0x00000000eb180000)
  from space 1024K, 98% used [0x00000000eb300000,0x00000000eb3fc010,0x00000000eb400000)
  to   space 1536K, 0% used [0x00000000eb180000,0x00000000eb180000,0x00000000eb300000)
 ParOldGen       total 97280K, used 90788K [0x00000000c0000000, 0x00000000c5f00000, 0x00000000eab00000)
  object space 97280K, 93% used [0x00000000c0000000,0x00000000c58a9180,0x00000000c5f00000)
 Metaspace       used 75463K, capacity 78263K, committed 78552K, reserved 1120256K
  class space    used 7555K, capacity 8625K, committed 8704K, reserved 1048576K
}
Event: 520.911 GC heap before
{Heap before GC invocations=1122 (full 23):
 PSYoungGen      total 7680K, used 7664K [0x00000000eab00000, 0x00000000eb500000, 0x0000000100000000)
  eden space 6656K, 100% used [0x00000000eab00000,0x00000000eb180000,0x00000000eb180000)
  from space 1024K, 98% used [0x00000000eb300000,0x00000000eb3fc010,0x00000000eb400000)
  to   space 1536K, 0% used [0x00000000eb180000,0x00000000eb180000,0x00000000eb300000)
 ParOldGen       total 97280K, used 90788K [0x00000000c0000000, 0x00000000c5f00000, 0x00000000eab00000)
  object space 97280K, 93% used [0x00000000c0000000,0x00000000c58a9180,0x00000000c5f00000)
 Metaspace       used 75463K, capacity 78263K, committed 78552K, reserved 1120256K
  class space    used 7555K, capacity 8625K, committed 8704K, reserved 1048576K
}
Event: 520.921 GC heap after
{Heap after GC invocations=1122 (full 23):
 PSYoungGen      total 8192K, used 1516K [0x00000000eab00000, 0x00000000ebf80000, 0x0000000100000000)
  eden space 6656K, 0% used [0x00000000eab00000,0x00000000eab00000,0x00000000eb180000)
  from space 1536K, 98% used [0x00000000eb180000,0x00000000eb2fb380,0x00000000eb300000)
  to   space 7168K, 0% used [0x00000000eb880000,0x00000000eb880000,0x00000000ebf80000)
 ParOldGen       total 97280K, used 95167K [0x00000000c0000000, 0x00000000c5f00000, 0x00000000eab00000)
  object space 97280K, 97% used [0x00000000c0000000,0x00000000c5cefef0,0x00000000c5f00000)
 Metaspace       used 75463K, capacity 78263K, committed 78552K, reserved 1120256K
  class space    used 7555K, capacity 8625K, committed 8704K, reserved 1048576K
}
Event: 520.921 GC heap before
{Heap before GC invocations=1123 (full 24):
 PSYoungGen      total 8192K, used 1516K [0x00000000eab00000, 0x00000000ebf80000, 0x0000000100000000)
  eden space 6656K, 0% used [0x00000000eab00000,0x00000000eab00000,0x00000000eb180000)
  from space 1536K, 98% used [0x00000000eb180000,0x00000000eb2fb380,0x00000000eb300000)
  to   space 7168K, 0% used [0x00000000eb880000,0x00000000eb880000,0x00000000ebf80000)
 ParOldGen       total 97280K, used 95167K [0x00000000c0000000, 0x00000000c5f00000, 0x00000000eab00000)
  object space 97280K, 97% used [0x00000000c0000000,0x00000000c5cefef0,0x00000000c5f00000)
 Metaspace       used 75463K, capacity 78263K, committed 78552K, reserved 1120256K
  class space    used 7555K, capacity 8625K, committed 8704K, reserved 1048576K
}
Event: 521.164 GC heap after
{Heap after GC invocations=1123 (full 24):
 PSYoungGen      total 13824K, used 0K [0x00000000eab00000, 0x00000000ebf80000, 0x0000000100000000)
  eden space 6656K, 0% used [0x00000000eab00000,0x00000000eab00000,0x00000000eb180000)
  from space 7168K, 0% used [0x00000000eb880000,0x00000000eb880000,0x00000000ebf80000)
  to   space 7168K, 0% used [0x00000000eb180000,0x00000000eb180000,0x00000000eb880000)
 ParOldGen       total 100352K, used 72754K [0x00000000c0000000, 0x00000000c6200000, 0x00000000eab00000)
  object space 100352K, 72% used [0x00000000c0000000,0x00000000c470cad0,0x00000000c6200000)
 Metaspace       used 75463K, capacity 78263K, committed 78552K, reserved 1120256K
  class space    used 7555K, capacity 8625K, committed 8704K, reserved 1048576K
}
Event: 521.184 GC heap before
{Heap before GC invocations=1124 (full 24):
 PSYoungGen      total 13824K, used 6656K [0x00000000eab00000, 0x00000000ebf80000, 0x0000000100000000)
  eden space 6656K, 100% used [0x00000000eab00000,0x00000000eb180000,0x00000000eb180000)
  from space 7168K, 0% used [0x00000000eb880000,0x00000000eb880000,0x00000000ebf80000)
  to   space 7168K, 0% used [0x00000000eb180000,0x00000000eb180000,0x00000000eb880000)
 ParOldGen       total 100352K, used 72754K [0x00000000c0000000, 0x00000000c6200000, 0x00000000eab00000)
  object space 100352K, 72% used [0x00000000c0000000,0x00000000c470cad0,0x00000000c6200000)
 Metaspace       used 75463K, capacity 78263K, committed 78552K, reserved 1120256K
  class space    used 7555K, capacity 8625K, committed 8704K, reserved 1048576K
}
Event: 521.188 GC heap after
{Heap after GC invocations=1124 (full 24):
 PSYoungGen      total 8704K, used 1673K [0x00000000eab00000, 0x00000000eb900000, 0x0000000100000000)
  eden space 6656K, 0% used [0x00000000eab00000,0x00000000eab00000,0x00000000eb180000)
  from space 2048K, 81% used [0x00000000eb180000,0x00000000eb322400,0x00000000eb380000)
  to   space 3584K, 0% used [0x00000000eb580000,0x00000000eb580000,0x00000000eb900000)
 ParOldGen       total 100352K, used 72754K [0x00000000c0000000, 0x00000000c6200000, 0x00000000eab00000)
  object space 100352K, 72% used [0x00000000c0000000,0x00000000c470cad0,0x00000000c6200000)
 Metaspace       used 75463K, capacity 78263K, committed 78552K, reserved 1120256K
  class space    used 7555K, capacity 8625K, committed 8704K, reserved 1048576K
}
Event: 521.206 GC heap before
{Heap before GC invocations=1125 (full 24):
 PSYoungGen      total 8704K, used 8329K [0x00000000eab00000, 0x00000000eb900000, 0x0000000100000000)
  eden space 6656K, 100% used [0x00000000eab00000,0x00000000eb180000,0x00000000eb180000)
  from space 2048K, 81% used [0x00000000eb180000,0x00000000eb322400,0x00000000eb380000)
  to   space 3584K, 0% used [0x00000000eb580000,0x00000000eb580000,0x00000000eb900000)
 ParOldGen       total 100352K, used 72754K [0x00000000c0000000, 0x00000000c6200000, 0x00000000eab00000)
  object space 100352K, 72% used [0x00000000c0000000,0x00000000c470cad0,0x00000000c6200000)
 Metaspace       used 75463K, capacity 78263K, committed 78552K, reserved 1120256K
  class space    used 7555K, capacity 8625K, committed 8704K, reserved 1048576K
}
Event: 521.212 GC heap after
{Heap after GC invocations=1125 (full 24):
 PSYoungGen      total 8192K, used 1376K [0x00000000eab00000, 0x00000000eb700000, 0x0000000100000000)
  eden space 6656K, 0% used [0x00000000eab00000,0x00000000eab00000,0x00000000eb180000)
  from space 1536K, 89% used [0x00000000eb580000,0x00000000eb6d8000,0x00000000eb700000)
  to   space 2048K, 0% used [0x00000000eb300000,0x00000000eb300000,0x00000000eb500000)
 ParOldGen       total 100352K, used 74406K [0x00000000c0000000, 0x00000000c6200000, 0x00000000eab00000)
  object space 100352K, 74% used [0x00000000c0000000,0x00000000c48a9b50,0x00000000c6200000)
 Metaspace       used 75463K, capacity 78263K, committed 78552K, reserved 1120256K
  class space    used 7555K, capacity 8625K, committed 8704K, reserved 1048576K
}

