# JRE version: OpenJDK Runtime Environment (14.0.1+7) (build 14.0.1+7-Ubuntu-1ubuntu1)
# Java VM: OpenJDK 64-Bit Server VM (14.0.1+7-Ubuntu-1ubuntu1, mixed mode, sharing, tiered, compressed oops, parallel gc, linux-amd64)
Heap:
 PSYoungGen      total 22016K, used 19458K [0x00000000eab00000, 0x00000000ec400000, 0x0000000100000000)
  eden space 19968K, 89% used [0x00000000eab00000,0x00000000ebc7ae00,0x00000000ebe80000)
  from space 2048K, 76% used [0x00000000ec200000,0x00000000ec385a18,0x00000000ec400000)
  to   space 2048K, 0% used [0x00000000ec000000,0x00000000ec000000,0x00000000ec200000)
 ParOldGen       total 68608K, used 34069K [0x00000000c0000000, 0x00000000c4300000, 0x00000000eab00000)
  object space 68608K, 49% used [0x00000000c0000000,0x00000000c2145648,0x00000000c4300000)
 Metaspace       used 47712K, capacity 50125K, committed 50264K, reserved 1093632K
  class space    used 5065K, capacity 5964K, committed 6016K, reserved 1048576K
GC Heap History (20 events):
Event: 6.917 GC heap before
{Heap before GC invocations=9 (full 2):
 PSYoungGen      total 29696K, used 6738K [0x00000000eab00000, 0x00000000ed100000, 0x0000000100000000)
  eden space 22528K, 0% used [0x00000000eab00000,0x00000000eab00000,0x00000000ec100000)
  from space 7168K, 94% used [0x00000000ec100000,0x00000000ec7949c0,0x00000000ec800000)
  to   space 7168K, 0% used [0x00000000eca00000,0x00000000eca00000,0x00000000ed100000)
 ParOldGen       total 68608K, used 10040K [0x00000000c0000000, 0x00000000c4300000, 0x00000000eab00000)
  object space 68608K, 14% used [0x00000000c0000000,0x00000000c09ce120,0x00000000c4300000)
 Metaspace       used 33371K, capacity 35043K, committed 35416K, reserved 1081344K
  class space    used 3569K, capacity 4214K, committed 4224K, reserved 1048576K
}
Event: 7.067 GC heap after
{Heap after GC invocations=9 (full 2):
 PSYoungGen      total 29696K, used 0K [0x00000000eab00000, 0x00000000ed100000, 0x0000000100000000)
  eden space 22528K, 0% used [0x00000000eab00000,0x00000000eab00000,0x00000000ec100000)
  from space 7168K, 0% used [0x00000000ec100000,0x00000000ec100000,0x00000000ec800000)
  to   space 7168K, 0% used [0x00000000eca00000,0x00000000eca00000,0x00000000ed100000)
 ParOldGen       total 68608K, used 16355K [0x00000000c0000000, 0x00000000c4300000, 0x00000000eab00000)
  object space 68608K, 23% used [0x00000000c0000000,0x00000000c0ff8fc0,0x00000000c4300000)
 Metaspace       used 33371K, capacity 35043K, committed 35416K, reserved 1081344K
  class space    used 3569K, capacity 4214K, committed 4224K, reserved 1048576K
}
Event: 7.797 GC heap before
{Heap before GC invocations=10 (full 2):
 PSYoungGen      total 29696K, used 22528K [0x00000000eab00000, 0x00000000ed100000, 0x0000000100000000)
  eden space 22528K, 100% used [0x00000000eab00000,0x00000000ec100000,0x00000000ec100000)
  from space 7168K, 0% used [0x00000000ec100000,0x00000000ec100000,0x00000000ec800000)
  to   space 7168K, 0% used [0x00000000eca00000,0x00000000eca00000,0x00000000ed100000)
 ParOldGen       total 68608K, used 16355K [0x00000000c0000000, 0x00000000c4300000, 0x00000000eab00000)
  object space 68608K, 23% used [0x00000000c0000000,0x00000000c0ff8fc0,0x00000000c4300000)
 Metaspace       used 37010K, capacity 39039K, committed 39384K, reserved 1083392K
  class space    used 4022K, capacity 4806K, committed 4864K, reserved 1048576K
}
Event: 7.803 GC heap after
{Heap after GC invocations=10 (full 2):
 PSYoungGen      total 24064K, used 2037K [0x00000000eab00000, 0x00000000ecc00000, 0x0000000100000000)
  eden space 22016K, 0% used [0x00000000eab00000,0x00000000eab00000,0x00000000ec080000)
  from space 2048K, 99% used [0x00000000eca00000,0x00000000ecbfd528,0x00000000ecc00000)
  to   space 4096K, 0% used [0x00000000ec400000,0x00000000ec400000,0x00000000ec800000)
 ParOldGen       total 68608K, used 16363K [0x00000000c0000000, 0x00000000c4300000, 0x00000000eab00000)
  object space 68608K, 23% used [0x00000000c0000000,0x00000000c0ffafc0,0x00000000c4300000)
 Metaspace       used 37010K, capacity 39039K, committed 39384K, reserved 1083392K
  class space    used 4022K, capacity 4806K, committed 4864K, reserved 1048576K
}
Event: 8.443 GC heap before
{Heap before GC invocations=11 (full 2):
 PSYoungGen      total 24064K, used 24053K [0x00000000eab00000, 0x00000000ecc00000, 0x0000000100000000)
  eden space 22016K, 100% used [0x00000000eab00000,0x00000000ec080000,0x00000000ec080000)
  from space 2048K, 99% used [0x00000000eca00000,0x00000000ecbfd528,0x00000000ecc00000)
  to   space 4096K, 0% used [0x00000000ec400000,0x00000000ec400000,0x00000000ec800000)
 ParOldGen       total 68608K, used 16363K [0x00000000c0000000, 0x00000000c4300000, 0x00000000eab00000)
  object space 68608K, 23% used [0x00000000c0000000,0x00000000c0ffafc0,0x00000000c4300000)
 Metaspace       used 40178K, capacity 42270K, committed 42584K, reserved 1087488K
  class space    used 4368K, capacity 5176K, committed 5248K, reserved 1048576K
}
Event: 8.452 GC heap after
{Heap after GC invocations=11 (full 2):
 PSYoungGen      total 26112K, used 4085K [0x00000000eab00000, 0x00000000eca80000, 0x0000000100000000)
  eden space 22016K, 0% used [0x00000000eab00000,0x00000000eab00000,0x00000000ec080000)
  from space 4096K, 99% used [0x00000000ec400000,0x00000000ec7fd598,0x00000000ec800000)
  to   space 2560K, 0% used [0x00000000ec800000,0x00000000ec800000,0x00000000eca80000)
 ParOldGen       total 68608K, used 16419K [0x00000000c0000000, 0x00000000c4300000, 0x00000000eab00000)
  object space 68608K, 23% used [0x00000000c0000000,0x00000000c1008fc0,0x00000000c4300000)
 Metaspace       used 40178K, capacity 42270K, committed 42584K, reserved 1087488K
  class space    used 4368K, capacity 5176K, committed 5248K, reserved 1048576K
}
Event: 8.701 GC heap before
{Heap before GC invocations=12 (full 2):
 PSYoungGen      total 26112K, used 26101K [0x00000000eab00000, 0x00000000eca80000, 0x0000000100000000)
  eden space 22016K, 100% used [0x00000000eab00000,0x00000000ec080000,0x00000000ec080000)
  from space 4096K, 99% used [0x00000000ec400000,0x00000000ec7fd598,0x00000000ec800000)
  to   space 2560K, 0% used [0x00000000ec800000,0x00000000ec800000,0x00000000eca80000)
 ParOldGen       total 68608K, used 16419K [0x00000000c0000000, 0x00000000c4300000, 0x00000000eab00000)
  object space 68608K, 23% used [0x00000000c0000000,0x00000000c1008fc0,0x00000000c4300000)
 Metaspace       used 40377K, capacity 42481K, committed 42840K, reserved 1087488K
  class space    used 4385K, capacity 5182K, committed 5248K, reserved 1048576K
}
Event: 8.716 GC heap after
{Heap after GC invocations=12 (full 2):
 PSYoungGen      total 24576K, used 2528K [0x00000000eab00000, 0x00000000ecd80000, 0x0000000100000000)
  eden space 22016K, 0% used [0x00000000eab00000,0x00000000eab00000,0x00000000ec080000)
  from space 2560K, 98% used [0x00000000ec800000,0x00000000eca780a0,0x00000000eca80000)
  to   space 6656K, 0% used [0x00000000ec080000,0x00000000ec080000,0x00000000ec700000)
 ParOldGen       total 68608K, used 20056K [0x00000000c0000000, 0x00000000c4300000, 0x00000000eab00000)
  object space 68608K, 29% used [0x00000000c0000000,0x00000000c1396138,0x00000000c4300000)
 Metaspace       used 40377K, capacity 42481K, committed 42840K, reserved 1087488K
  class space    used 4385K, capacity 5182K, committed 5248K, reserved 1048576K
}
Event: 8.878 GC heap before
{Heap before GC invocations=13 (full 2):
 PSYoungGen      total 24576K, used 24544K [0x00000000eab00000, 0x00000000ecd80000, 0x0000000100000000)
  eden space 22016K, 100% used [0x00000000eab00000,0x00000000ec080000,0x00000000ec080000)
  from space 2560K, 98% used [0x00000000ec800000,0x00000000eca780a0,0x00000000eca80000)
  to   space 6656K, 0% used [0x00000000ec080000,0x00000000ec080000,0x00000000ec700000)
 ParOldGen       total 68608K, used 20056K [0x00000000c0000000, 0x00000000c4300000, 0x00000000eab00000)
  object space 68608K, 29% used [0x00000000c0000000,0x00000000c1396138,0x00000000c4300000)
 Metaspace       used 40415K, capacity 42481K, committed 42840K, reserved 1087488K
  class space    used 4386K, capacity 5182K, committed 5248K, reserved 1048576K
}
Event: 8.889 GC heap after
{Heap after GC invocations=13 (full 2):
 PSYoungGen      total 24576K, used 2164K [0x00000000eab00000, 0x00000000ec880000, 0x0000000100000000)
  eden space 22016K, 0% used [0x00000000eab00000,0x00000000eab00000,0x00000000ec080000)
  from space 2560K, 84% used [0x00000000ec080000,0x00000000ec29d188,0x00000000ec300000)
  to   space 4096K, 0% used [0x00000000ec480000,0x00000000ec480000,0x00000000ec880000)
 ParOldGen       total 68608K, used 22537K [0x00000000c0000000, 0x00000000c4300000, 0x00000000eab00000)
  object space 68608K, 32% used [0x00000000c0000000,0x00000000c1602570,0x00000000c4300000)
 Metaspace       used 40415K, capacity 42481K, committed 42840K, reserved 1087488K
  class space    used 4386K, capacity 5182K, committed 5248K, reserved 1048576K
}
Event: 9.055 GC heap before
{Heap before GC invocations=14 (full 2):
 PSYoungGen      total 24576K, used 24180K [0x00000000eab00000, 0x00000000ec880000, 0x0000000100000000)
  eden space 22016K, 100% used [0x00000000eab00000,0x00000000ec080000,0x00000000ec080000)
  from space 2560K, 84% used [0x00000000ec080000,0x00000000ec29d188,0x00000000ec300000)
  to   space 4096K, 0% used [0x00000000ec480000,0x00000000ec480000,0x00000000ec880000)
 ParOldGen       total 68608K, used 22537K [0x00000000c0000000, 0x00000000c4300000, 0x00000000eab00000)
  object space 68608K, 32% used [0x00000000c0000000,0x00000000c1602570,0x00000000c4300000)
 Metaspace       used 40544K, capacity 42641K, committed 42840K, reserved 1087488K
  class space    used 4398K, capacity 5214K, committed 5248K, reserved 1048576K
}
Event: 9.066 GC heap after
{Heap after GC invocations=14 (full 2):
 PSYoungGen      total 24576K, used 2400K [0x00000000eab00000, 0x00000000ec700000, 0x0000000100000000)
  eden space 22016K, 0% used [0x00000000eab00000,0x00000000eab00000,0x00000000ec080000)
  from space 2560K, 93% used [0x00000000ec480000,0x00000000ec6d8010,0x00000000ec700000)
  to   space 3072K, 0% used [0x00000000ec100000,0x00000000ec100000,0x00000000ec400000)
 ParOldGen       total 68608K, used 24653K [0x00000000c0000000, 0x00000000c4300000, 0x00000000eab00000)
  object space 68608K, 35% used [0x00000000c0000000,0x00000000c18136f8,0x00000000c4300000)
 Metaspace       used 40544K, capacity 42641K, committed 42840K, reserved 1087488K
  class space    used 4398K, capacity 5214K, committed 5248K, reserved 1048576K
}
Event: 9.169 GC heap before
{Heap before GC invocations=15 (full 2):
 PSYoungGen      total 24576K, used 24416K [0x00000000eab00000, 0x00000000ec700000, 0x0000000100000000)
  eden space 22016K, 100% used [0x00000000eab00000,0x00000000ec080000,0x00000000ec080000)
  from space 2560K, 93% used [0x00000000ec480000,0x00000000ec6d8010,0x00000000ec700000)
  to   space 3072K, 0% used [0x00000000ec100000,0x00000000ec100000,0x00000000ec400000)
 ParOldGen       total 68608K, used 24653K [0x00000000c0000000, 0x00000000c4300000, 0x00000000eab00000)
  object space 68608K, 35% used [0x00000000c0000000,0x00000000c18136f8,0x00000000c4300000)
 Metaspace       used 40544K, capacity 42641K, committed 42840K, reserved 1087488K
  class space    used 4398K, capacity 5214K, committed 5248K, reserved 1048576K
}
Event: 9.183 GC heap after
{Heap after GC invocations=15 (full 2):
 PSYoungGen      total 24576K, used 2464K [0x00000000eab00000, 0x00000000ec580000, 0x0000000100000000)
  eden space 22016K, 0% used [0x00000000eab00000,0x00000000eab00000,0x00000000ec080000)
  from space 2560K, 96% used [0x00000000ec100000,0x00000000ec368010,0x00000000ec380000)
  to   space 2048K, 0% used [0x00000000ec380000,0x00000000ec380000,0x00000000ec580000)
 ParOldGen       total 68608K, used 27002K [0x00000000c0000000, 0x00000000c4300000, 0x00000000eab00000)
  object space 68608K, 39% used [0x00000000c0000000,0x00000000c1a5ea60,0x00000000c4300000)
 Metaspace       used 40544K, capacity 42641K, committed 42840K, reserved 1087488K
  class space    used 4398K, capacity 5214K, committed 5248K, reserved 1048576K
}
Event: 9.288 GC heap before
{Heap before GC invocations=16 (full 2):
 PSYoungGen      total 24576K, used 24480K [0x00000000eab00000, 0x00000000ec580000, 0x0000000100000000)
  eden space 22016K, 100% used [0x00000000eab00000,0x00000000ec080000,0x00000000ec080000)
  from space 2560K, 96% used [0x00000000ec100000,0x00000000ec368010,0x00000000ec380000)
  to   space 2048K, 0% used [0x00000000ec380000,0x00000000ec380000,0x00000000ec580000)
 ParOldGen       total 68608K, used 27002K [0x00000000c0000000, 0x00000000c4300000, 0x00000000eab00000)
  object space 68608K, 39% used [0x00000000c0000000,0x00000000c1a5ea60,0x00000000c4300000)
 Metaspace       used 40546K, capacity 42642K, committed 42840K, reserved 1087488K
  class space    used 4398K, capacity 5214K, committed 5248K, reserved 1048576K
}
Event: 9.300 GC heap after
{Heap after GC invocations=16 (full 2):
 PSYoungGen      total 22016K, used 2048K [0x00000000eab00000, 0x00000000eca80000, 0x0000000100000000)
  eden space 19968K, 0% used [0x00000000eab00000,0x00000000eab00000,0x00000000ebe80000)
  from space 2048K, 100% used [0x00000000ec380000,0x00000000ec580000,0x00000000ec580000)
  to   space 5120K, 0% used [0x00000000ebe80000,0x00000000ebe80000,0x00000000ec380000)
 ParOldGen       total 68608K, used 29618K [0x00000000c0000000, 0x00000000c4300000, 0x00000000eab00000)
  object space 68608K, 43% used [0x00000000c0000000,0x00000000c1ceca70,0x00000000c4300000)
 Metaspace       used 40546K, capacity 42642K, committed 42840K, reserved 1087488K
  class space    used 4398K, capacity 5214K, committed 5248K, reserved 1048576K
}
Event: 9.604 GC heap before
{Heap before GC invocations=17 (full 2):
 PSYoungGen      total 22016K, used 22016K [0x00000000eab00000, 0x00000000eca80000, 0x0000000100000000)
  eden space 19968K, 100% used [0x00000000eab00000,0x00000000ebe80000,0x00000000ebe80000)
  from space 2048K, 100% used [0x00000000ec380000,0x00000000ec580000,0x00000000ec580000)
  to   space 5120K, 0% used [0x00000000ebe80000,0x00000000ebe80000,0x00000000ec380000)
 ParOldGen       total 68608K, used 29618K [0x00000000c0000000, 0x00000000c4300000, 0x00000000eab00000)
  object space 68608K, 43% used [0x00000000c0000000,0x00000000c1ceca70,0x00000000c4300000)
 Metaspace       used 40956K, capacity 43013K, committed 43480K, reserved 1087488K
  class space    used 4426K, capacity 5252K, committed 5376K, reserved 1048576K
}
Event: 9.615 GC heap after
{Heap after GC invocations=17 (full 2):
 PSYoungGen      total 22528K, used 2432K [0x00000000eab00000, 0x00000000ec580000, 0x0000000100000000)
  eden space 19968K, 0% used [0x00000000eab00000,0x00000000eab00000,0x00000000ebe80000)
  from space 2560K, 95% used [0x00000000ebe80000,0x00000000ec0e0000,0x00000000ec100000)
  to   space 3584K, 0% used [0x00000000ec200000,0x00000000ec200000,0x00000000ec580000)
 ParOldGen       total 68608K, used 31680K [0x00000000c0000000, 0x00000000c4300000, 0x00000000eab00000)
  object space 68608K, 46% used [0x00000000c0000000,0x00000000c1ef02f0,0x00000000c4300000)
 Metaspace       used 40956K, capacity 43013K, committed 43480K, reserved 1087488K
  class space    used 4426K, capacity 5252K, committed 5376K, reserved 1048576K
}
Event: 10.339 GC heap before
{Heap before GC invocations=18 (full 2):
 PSYoungGen      total 22528K, used 22400K [0x00000000eab00000, 0x00000000ec580000, 0x0000000100000000)
  eden space 19968K, 100% used [0x00000000eab00000,0x00000000ebe80000,0x00000000ebe80000)
  from space 2560K, 95% used [0x00000000ebe80000,0x00000000ec0e0000,0x00000000ec100000)
  to   space 3584K, 0% used [0x00000000ec200000,0x00000000ec200000,0x00000000ec580000)
 ParOldGen       total 68608K, used 31680K [0x00000000c0000000, 0x00000000c4300000, 0x00000000eab00000)
  object space 68608K, 46% used [0x00000000c0000000,0x00000000c1ef02f0,0x00000000c4300000)
 Metaspace       used 45112K, capacity 47418K, committed 47704K, reserved 1091584K
  class space    used 4829K, capacity 5675K, committed 5760K, reserved 1048576K
}
Event: 10.347 GC heap after
{Heap after GC invocations=18 (full 2):
 PSYoungGen      total 22016K, used 1558K [0x00000000eab00000, 0x00000000ec400000, 0x0000000100000000)
  eden space 19968K, 0% used [0x00000000eab00000,0x00000000eab00000,0x00000000ebe80000)
  from space 2048K, 76% used [0x00000000ec200000,0x00000000ec385a18,0x00000000ec400000)
  to   space 2048K, 0% used [0x00000000ec000000,0x00000000ec000000,0x00000000ec200000)
 ParOldGen       total 68608K, used 34069K [0x00000000c0000000, 0x00000000c4300000, 0x00000000eab00000)
  object space 68608K, 49% used [0x00000000c0000000,0x00000000c2145648,0x00000000c4300000)
 Metaspace       used 45112K, capacity 47418K, committed 47704K, reserved 1091584K
  class space    used 4829K, capacity 5675K, committed 5760K, reserved 1048576K
}

