# JRE version: OpenJDK Runtime Environment (14.0.1+7) (build 14.0.1+7-Ubuntu-1ubuntu1)
# Java VM: OpenJDK 64-Bit Server VM (14.0.1+7-Ubuntu-1ubuntu1, mixed mode, sharing, tiered, compressed oops, parallel gc, linux-amd64)
Heap:
 PSYoungGen      total 22528K, used 19628K [0x00000000eab00000, 0x00000000ec480000, 0x0000000100000000)
  eden space 20992K, 87% used [0x00000000eab00000,0x00000000ebcfd6a8,0x00000000ebf80000)
  from space 1536K, 78% used [0x00000000ec300000,0x00000000ec42dd30,0x00000000ec480000)
  to   space 2048K, 0% used [0x00000000ec080000,0x00000000ec080000,0x00000000ec280000)
 ParOldGen       total 68608K, used 34569K [0x00000000c0000000, 0x00000000c4300000, 0x00000000eab00000)
  object space 68608K, 50% used [0x00000000c0000000,0x00000000c21c27d0,0x00000000c4300000)
 Metaspace       used 48977K, capacity 51418K, committed 51672K, reserved 1095680K
  class space    used 5247K, capacity 6090K, committed 6144K, reserved 1048576K
GC Heap History (20 events):
Event: 10.015 GC heap before
{Heap before GC invocations=9 (full 2):
 PSYoungGen      total 29696K, used 5604K [0x00000000eab00000, 0x00000000ed500000, 0x0000000100000000)
  eden space 24064K, 0% used [0x00000000eab00000,0x00000000eab00000,0x00000000ec280000)
  from space 5632K, 99% used [0x00000000ec280000,0x00000000ec7f9368,0x00000000ec800000)
  to   space 9216K, 0% used [0x00000000ecc00000,0x00000000ecc00000,0x00000000ed500000)
 ParOldGen       total 68608K, used 11399K [0x00000000c0000000, 0x00000000c4300000, 0x00000000eab00000)
  object space 68608K, 16% used [0x00000000c0000000,0x00000000c0b21d88,0x00000000c4300000)
 Metaspace       used 33477K, capacity 35183K, committed 35416K, reserved 1081344K
  class space    used 3570K, capacity 4218K, committed 4224K, reserved 1048576K
}
Event: 10.157 GC heap after
{Heap after GC invocations=9 (full 2):
 PSYoungGen      total 29696K, used 0K [0x00000000eab00000, 0x00000000ed500000, 0x0000000100000000)
  eden space 24064K, 0% used [0x00000000eab00000,0x00000000eab00000,0x00000000ec280000)
  from space 5632K, 0% used [0x00000000ec280000,0x00000000ec280000,0x00000000ec800000)
  to   space 9216K, 0% used [0x00000000ecc00000,0x00000000ecc00000,0x00000000ed500000)
 ParOldGen       total 68608K, used 16544K [0x00000000c0000000, 0x00000000c4300000, 0x00000000eab00000)
  object space 68608K, 24% used [0x00000000c0000000,0x00000000c1028358,0x00000000c4300000)
 Metaspace       used 33477K, capacity 35183K, committed 35416K, reserved 1081344K
  class space    used 3570K, capacity 4218K, committed 4224K, reserved 1048576K
}
Event: 11.056 GC heap before
{Heap before GC invocations=10 (full 2):
 PSYoungGen      total 29696K, used 24056K [0x00000000eab00000, 0x00000000ed500000, 0x0000000100000000)
  eden space 24064K, 99% used [0x00000000eab00000,0x00000000ec27e338,0x00000000ec280000)
  from space 5632K, 0% used [0x00000000ec280000,0x00000000ec280000,0x00000000ec800000)
  to   space 9216K, 0% used [0x00000000ecc00000,0x00000000ecc00000,0x00000000ed500000)
 ParOldGen       total 68608K, used 16544K [0x00000000c0000000, 0x00000000c4300000, 0x00000000eab00000)
  object space 68608K, 24% used [0x00000000c0000000,0x00000000c1028358,0x00000000c4300000)
 Metaspace       used 36556K, capacity 38595K, committed 38872K, reserved 1083392K
  class space    used 3957K, capacity 4765K, committed 4864K, reserved 1048576K
}
Event: 11.062 GC heap after
{Heap after GC invocations=10 (full 2):
 PSYoungGen      total 25088K, used 1358K [0x00000000eab00000, 0x00000000ecd80000, 0x0000000100000000)
  eden space 23552K, 0% used [0x00000000eab00000,0x00000000eab00000,0x00000000ec200000)
  from space 1536K, 88% used [0x00000000ecc00000,0x00000000ecd539e8,0x00000000ecd80000)
  to   space 4096K, 0% used [0x00000000ec580000,0x00000000ec580000,0x00000000ec980000)
 ParOldGen       total 68608K, used 16552K [0x00000000c0000000, 0x00000000c4300000, 0x00000000eab00000)
  object space 68608K, 24% used [0x00000000c0000000,0x00000000c102a358,0x00000000c4300000)
 Metaspace       used 36556K, capacity 38595K, committed 38872K, reserved 1083392K
  class space    used 3957K, capacity 4765K, committed 4864K, reserved 1048576K
}
Event: 12.222 GC heap before
{Heap before GC invocations=11 (full 2):
 PSYoungGen      total 25088K, used 24910K [0x00000000eab00000, 0x00000000ecd80000, 0x0000000100000000)
  eden space 23552K, 100% used [0x00000000eab00000,0x00000000ec200000,0x00000000ec200000)
  from space 1536K, 88% used [0x00000000ecc00000,0x00000000ecd539e8,0x00000000ecd80000)
  to   space 4096K, 0% used [0x00000000ec580000,0x00000000ec580000,0x00000000ec980000)
 ParOldGen       total 68608K, used 16552K [0x00000000c0000000, 0x00000000c4300000, 0x00000000eab00000)
  object space 68608K, 24% used [0x00000000c0000000,0x00000000c102a358,0x00000000c4300000)
 Metaspace       used 40374K, capacity 42480K, committed 42840K, reserved 1087488K
  class space    used 4382K, capacity 5181K, committed 5248K, reserved 1048576K
}
Event: 12.229 GC heap after
{Heap after GC invocations=11 (full 2):
 PSYoungGen      total 27136K, used 4069K [0x00000000eab00000, 0x00000000ecc80000, 0x0000000100000000)
  eden space 23040K, 0% used [0x00000000eab00000,0x00000000eab00000,0x00000000ec180000)
  from space 4096K, 99% used [0x00000000ec580000,0x00000000ec9795b8,0x00000000ec980000)
  to   space 3072K, 0% used [0x00000000ec980000,0x00000000ec980000,0x00000000ecc80000)
 ParOldGen       total 68608K, used 16784K [0x00000000c0000000, 0x00000000c4300000, 0x00000000eab00000)
  object space 68608K, 24% used [0x00000000c0000000,0x00000000c1064358,0x00000000c4300000)
 Metaspace       used 40374K, capacity 42480K, committed 42840K, reserved 1087488K
  class space    used 4382K, capacity 5181K, committed 5248K, reserved 1048576K
}
Event: 12.535 GC heap before
{Heap before GC invocations=12 (full 2):
 PSYoungGen      total 27136K, used 27109K [0x00000000eab00000, 0x00000000ecc80000, 0x0000000100000000)
  eden space 23040K, 100% used [0x00000000eab00000,0x00000000ec180000,0x00000000ec180000)
  from space 4096K, 99% used [0x00000000ec580000,0x00000000ec9795b8,0x00000000ec980000)
  to   space 3072K, 0% used [0x00000000ec980000,0x00000000ec980000,0x00000000ecc80000)
 ParOldGen       total 68608K, used 16784K [0x00000000c0000000, 0x00000000c4300000, 0x00000000eab00000)
  object space 68608K, 24% used [0x00000000c0000000,0x00000000c1064358,0x00000000c4300000)
 Metaspace       used 40569K, capacity 42627K, committed 43096K, reserved 1087488K
  class space    used 4399K, capacity 5187K, committed 5248K, reserved 1048576K
}
Event: 12.561 GC heap after
{Heap after GC invocations=12 (full 2):
 PSYoungGen      total 25600K, used 3058K [0x00000000eab00000, 0x00000000ece00000, 0x0000000100000000)
  eden space 22528K, 0% used [0x00000000eab00000,0x00000000eab00000,0x00000000ec100000)
  from space 3072K, 99% used [0x00000000ec980000,0x00000000ecc7cad8,0x00000000ecc80000)
  to   space 6656K, 0% used [0x00000000ec100000,0x00000000ec100000,0x00000000ec780000)
 ParOldGen       total 68608K, used 19884K [0x00000000c0000000, 0x00000000c4300000, 0x00000000eab00000)
  object space 68608K, 28% used [0x00000000c0000000,0x00000000c136b3e8,0x00000000c4300000)
 Metaspace       used 40569K, capacity 42627K, committed 43096K, reserved 1087488K
  class space    used 4399K, capacity 5187K, committed 5248K, reserved 1048576K
}
Event: 12.762 GC heap before
{Heap before GC invocations=13 (full 2):
 PSYoungGen      total 25600K, used 25586K [0x00000000eab00000, 0x00000000ece00000, 0x0000000100000000)
  eden space 22528K, 100% used [0x00000000eab00000,0x00000000ec100000,0x00000000ec100000)
  from space 3072K, 99% used [0x00000000ec980000,0x00000000ecc7cad8,0x00000000ecc80000)
  to   space 6656K, 0% used [0x00000000ec100000,0x00000000ec100000,0x00000000ec780000)
 ParOldGen       total 68608K, used 19884K [0x00000000c0000000, 0x00000000c4300000, 0x00000000eab00000)
  object space 68608K, 28% used [0x00000000c0000000,0x00000000c136b3e8,0x00000000c4300000)
 Metaspace       used 40612K, capacity 42628K, committed 43096K, reserved 1087488K
  class space    used 4400K, capacity 5187K, committed 5248K, reserved 1048576K
}
Event: 12.775 GC heap after
{Heap after GC invocations=13 (full 2):
 PSYoungGen      total 24576K, used 2196K [0x00000000eab00000, 0x00000000eca00000, 0x0000000100000000)
  eden space 22016K, 0% used [0x00000000eab00000,0x00000000eab00000,0x00000000ec080000)
  from space 2560K, 85% used [0x00000000ec100000,0x00000000ec325188,0x00000000ec380000)
  to   space 4096K, 0% used [0x00000000ec600000,0x00000000ec600000,0x00000000eca00000)
 ParOldGen       total 68608K, used 22909K [0x00000000c0000000, 0x00000000c4300000, 0x00000000eab00000)
  object space 68608K, 33% used [0x00000000c0000000,0x00000000c165f5f8,0x00000000c4300000)
 Metaspace       used 40612K, capacity 42628K, committed 43096K, reserved 1087488K
  class space    used 4400K, capacity 5187K, committed 5248K, reserved 1048576K
}
Event: 12.992 GC heap before
{Heap before GC invocations=14 (full 2):
 PSYoungGen      total 24576K, used 24212K [0x00000000eab00000, 0x00000000eca00000, 0x0000000100000000)
  eden space 22016K, 100% used [0x00000000eab00000,0x00000000ec080000,0x00000000ec080000)
  from space 2560K, 85% used [0x00000000ec100000,0x00000000ec325188,0x00000000ec380000)
  to   space 4096K, 0% used [0x00000000ec600000,0x00000000ec600000,0x00000000eca00000)
 ParOldGen       total 68608K, used 22909K [0x00000000c0000000, 0x00000000c4300000, 0x00000000eab00000)
  object space 68608K, 33% used [0x00000000c0000000,0x00000000c165f5f8,0x00000000c4300000)
 Metaspace       used 40736K, capacity 42788K, committed 43096K, reserved 1087488K
  class space    used 4411K, capacity 5219K, committed 5248K, reserved 1048576K
}
Event: 13.005 GC heap after
{Heap after GC invocations=14 (full 2):
 PSYoungGen      total 24576K, used 2432K [0x00000000eab00000, 0x00000000ec880000, 0x0000000100000000)
  eden space 22016K, 0% used [0x00000000eab00000,0x00000000eab00000,0x00000000ec080000)
  from space 2560K, 95% used [0x00000000ec600000,0x00000000ec860010,0x00000000ec880000)
  to   space 3072K, 0% used [0x00000000ec280000,0x00000000ec280000,0x00000000ec580000)
 ParOldGen       total 68608K, used 25057K [0x00000000c0000000, 0x00000000c4300000, 0x00000000eab00000)
  object space 68608K, 36% used [0x00000000c0000000,0x00000000c1878780,0x00000000c4300000)
 Metaspace       used 40736K, capacity 42788K, committed 43096K, reserved 1087488K
  class space    used 4411K, capacity 5219K, committed 5248K, reserved 1048576K
}
Event: 13.118 GC heap before
{Heap before GC invocations=15 (full 2):
 PSYoungGen      total 24576K, used 24448K [0x00000000eab00000, 0x00000000ec880000, 0x0000000100000000)
  eden space 22016K, 100% used [0x00000000eab00000,0x00000000ec080000,0x00000000ec080000)
  from space 2560K, 95% used [0x00000000ec600000,0x00000000ec860010,0x00000000ec880000)
  to   space 3072K, 0% used [0x00000000ec280000,0x00000000ec280000,0x00000000ec580000)
 ParOldGen       total 68608K, used 25057K [0x00000000c0000000, 0x00000000c4300000, 0x00000000eab00000)
  object space 68608K, 36% used [0x00000000c0000000,0x00000000c1878780,0x00000000c4300000)
 Metaspace       used 40736K, capacity 42788K, committed 43096K, reserved 1087488K
  class space    used 4411K, capacity 5219K, committed 5248K, reserved 1048576K
}
Event: 13.130 GC heap after
{Heap after GC invocations=15 (full 2):
 PSYoungGen      total 24576K, used 2496K [0x00000000eab00000, 0x00000000ec680000, 0x0000000100000000)
  eden space 22016K, 0% used [0x00000000eab00000,0x00000000eab00000,0x00000000ec080000)
  from space 2560K, 97% used [0x00000000ec280000,0x00000000ec4f0010,0x00000000ec500000)
  to   space 1536K, 0% used [0x00000000ec500000,0x00000000ec500000,0x00000000ec680000)
 ParOldGen       total 68608K, used 27454K [0x00000000c0000000, 0x00000000c4300000, 0x00000000eab00000)
  object space 68608K, 40% used [0x00000000c0000000,0x00000000c1acfae8,0x00000000c4300000)
 Metaspace       used 40736K, capacity 42788K, committed 43096K, reserved 1087488K
  class space    used 4411K, capacity 5219K, committed 5248K, reserved 1048576K
}
Event: 13.250 GC heap before
{Heap before GC invocations=16 (full 2):
 PSYoungGen      total 24576K, used 24512K [0x00000000eab00000, 0x00000000ec680000, 0x0000000100000000)
  eden space 22016K, 100% used [0x00000000eab00000,0x00000000ec080000,0x00000000ec080000)
  from space 2560K, 97% used [0x00000000ec280000,0x00000000ec4f0010,0x00000000ec500000)
  to   space 1536K, 0% used [0x00000000ec500000,0x00000000ec500000,0x00000000ec680000)
 ParOldGen       total 68608K, used 27454K [0x00000000c0000000, 0x00000000c4300000, 0x00000000eab00000)
  object space 68608K, 40% used [0x00000000c0000000,0x00000000c1acfae8,0x00000000c4300000)
 Metaspace       used 40736K, capacity 42788K, committed 43096K, reserved 1087488K
  class space    used 4411K, capacity 5219K, committed 5248K, reserved 1048576K
}
Event: 13.267 GC heap after
{Heap after GC invocations=16 (full 2):
 PSYoungGen      total 22528K, used 1536K [0x00000000eab00000, 0x00000000ecb80000, 0x0000000100000000)
  eden space 20992K, 0% used [0x00000000eab00000,0x00000000eab00000,0x00000000ebf80000)
  from space 1536K, 100% used [0x00000000ec500000,0x00000000ec680000,0x00000000ec680000)
  to   space 5632K, 0% used [0x00000000ebf80000,0x00000000ebf80000,0x00000000ec500000)
 ParOldGen       total 68608K, used 30686K [0x00000000c0000000, 0x00000000c4300000, 0x00000000eab00000)
  object space 68608K, 44% used [0x00000000c0000000,0x00000000c1df7af8,0x00000000c4300000)
 Metaspace       used 40736K, capacity 42788K, committed 43096K, reserved 1087488K
  class space    used 4411K, capacity 5219K, committed 5248K, reserved 1048576K
}
Event: 13.778 GC heap before
{Heap before GC invocations=17 (full 2):
 PSYoungGen      total 22528K, used 22528K [0x00000000eab00000, 0x00000000ecb80000, 0x0000000100000000)
  eden space 20992K, 100% used [0x00000000eab00000,0x00000000ebf80000,0x00000000ebf80000)
  from space 1536K, 100% used [0x00000000ec500000,0x00000000ec680000,0x00000000ec680000)
  to   space 5632K, 0% used [0x00000000ebf80000,0x00000000ebf80000,0x00000000ec500000)
 ParOldGen       total 68608K, used 30686K [0x00000000c0000000, 0x00000000c4300000, 0x00000000eab00000)
  object space 68608K, 44% used [0x00000000c0000000,0x00000000c1df7af8,0x00000000c4300000)
 Metaspace       used 42271K, capacity 44279K, committed 44760K, reserved 1089536K
  class space    used 4561K, capacity 5353K, committed 5376K, reserved 1048576K
}
Event: 13.792 GC heap after
{Heap after GC invocations=17 (full 2):
 PSYoungGen      total 23552K, used 2502K [0x00000000eab00000, 0x00000000ec680000, 0x0000000100000000)
  eden space 20992K, 0% used [0x00000000eab00000,0x00000000eab00000,0x00000000ebf80000)
  from space 2560K, 97% used [0x00000000ebf80000,0x00000000ec1f1870,0x00000000ec200000)
  to   space 3584K, 0% used [0x00000000ec300000,0x00000000ec300000,0x00000000ec680000)
 ParOldGen       total 68608K, used 32214K [0x00000000c0000000, 0x00000000c4300000, 0x00000000eab00000)
  object space 68608K, 46% used [0x00000000c0000000,0x00000000c1f75af8,0x00000000c4300000)
 Metaspace       used 42271K, capacity 44279K, committed 44760K, reserved 1089536K
  class space    used 4561K, capacity 5353K, committed 5376K, reserved 1048576K
}
Event: 14.513 GC heap before
{Heap before GC invocations=18 (full 2):
 PSYoungGen      total 23552K, used 23494K [0x00000000eab00000, 0x00000000ec680000, 0x0000000100000000)
  eden space 20992K, 100% used [0x00000000eab00000,0x00000000ebf80000,0x00000000ebf80000)
  from space 2560K, 97% used [0x00000000ebf80000,0x00000000ec1f1870,0x00000000ec200000)
  to   space 3584K, 0% used [0x00000000ec300000,0x00000000ec300000,0x00000000ec680000)
 ParOldGen       total 68608K, used 32214K [0x00000000c0000000, 0x00000000c4300000, 0x00000000eab00000)
  object space 68608K, 46% used [0x00000000c0000000,0x00000000c1f75af8,0x00000000c4300000)
 Metaspace       used 45139K, capacity 47360K, committed 47704K, reserved 1091584K
  class space    used 4830K, capacity 5676K, committed 5760K, reserved 1048576K
}
Event: 14.526 GC heap after
{Heap after GC invocations=18 (full 2):
 PSYoungGen      total 22528K, used 1207K [0x00000000eab00000, 0x00000000ec480000, 0x0000000100000000)
  eden space 20992K, 0% used [0x00000000eab00000,0x00000000eab00000,0x00000000ebf80000)
  from space 1536K, 78% used [0x00000000ec300000,0x00000000ec42dd30,0x00000000ec480000)
  to   space 2048K, 0% used [0x00000000ec080000,0x00000000ec080000,0x00000000ec280000)
 ParOldGen       total 68608K, used 34569K [0x00000000c0000000, 0x00000000c4300000, 0x00000000eab00000)
  object space 68608K, 50% used [0x00000000c0000000,0x00000000c21c27d0,0x00000000c4300000)
 Metaspace       used 45139K, capacity 47360K, committed 47704K, reserved 1091584K
  class space    used 4830K, capacity 5676K, committed 5760K, reserved 1048576K
}

